"../../../Engine/Content/EngineMaterials/T_Default_Material_Grid_N.uasset" 0
"../../../Engine/Content/EngineMaterials/T_Default_Material_Grid_N.uexp" 1
"../../../Engine/Content/EngineMaterials/T_Default_Material_Grid_N.ubulk" 2
"../../../Engine/Content/EngineMaterials/T_Default_Material_Grid_M.uasset" 3
"../../../Engine/Content/EngineMaterials/T_Default_Material_Grid_M.uexp" 4
"../../../Engine/Content/EngineMaterials/T_Default_Material_Grid_M.ubulk" 5
"../../../Engine/Content/Functions/Engine_MaterialFunctions01/Opacity/CameraDepthFade.uasset" 6
"../../../Engine/Content/Functions/Engine_MaterialFunctions01/Opacity/CameraDepthFade.uexp" 7
"../../../Engine/Content/EngineMaterials/WorldGridMaterial.uasset" 8
"../../../Engine/Content/EngineMaterials/WorldGridMaterial.uexp" 9
"../../../Engine/Content/ArtTools/RenderToTexture/Meshes/S_1_Unit_Plane.uasset" 10
"../../../Engine/Content/ArtTools/RenderToTexture/Meshes/S_1_Unit_Plane.uexp" 11
"../../../Engine/Content/EngineMaterials/DefaultMaterial.uasset" 12
"../../../Engine/Content/EngineMaterials/DefaultMaterial.uexp" 13
"../../../Engine/Content/BasicShapes/Cone.uasset" 14
"../../../Engine/Content/BasicShapes/Cone.uexp" 15
"../../../Engine/Content/BasicShapes/Cube.uasset" 16
"../../../Engine/Content/BasicShapes/Cube.uexp" 17
"../../../Engine/Content/BasicShapes/Plane.uasset" 18
"../../../Engine/Content/BasicShapes/Plane.uexp" 19
"../../../Engine/Content/BasicShapes/Sphere.uasset" 20
"../../../Engine/Content/BasicShapes/Sphere.uexp" 21
"../../../Engine/Content/EditorLandscapeResources/DataLayer.uasset" 22
"../../../Engine/Content/EditorLandscapeResources/DataLayer.uexp" 23
"../../../Engine/Content/EditorLandscapeResources/DefaultAlphaTexture.uasset" 24
"../../../Engine/Content/EditorLandscapeResources/DefaultAlphaTexture.uexp" 25
"../../../Engine/Content/EditorMaterials/MAT_Groups_Toggle.uasset" 26
"../../../Engine/Content/EditorMaterials/MAT_Groups_Toggle.uexp" 27
"../../../Engine/Content/EditorMaterials/MAT_Groups_Visibility.uasset" 28
"../../../Engine/Content/EditorMaterials/MAT_Groups_Visibility.uexp" 29
"../../../Engine/Content/EditorMaterials/PreviewShadowIndicator.uasset" 30
"../../../Engine/Content/EditorMaterials/PreviewShadowIndicator.uexp" 31
"../../../Engine/Content/EditorMaterials/PreviewShadowIndicator.ubulk" 32
"../../../Engine/Content/EditorMaterials/PreviewShadowIndicatorMaterial.uasset" 33
"../../../Engine/Content/EditorMaterials/PreviewShadowIndicatorMaterial.uexp" 34
"../../../Engine/Content/EditorMaterials/MatineeGroups/MAT_ColorTrack.uasset" 35
"../../../Engine/Content/EditorMaterials/MatineeGroups/MAT_ColorTrack.uexp" 36
"../../../Engine/Content/EditorMaterials/MatineeGroups/MAT_Groups_Anim.uasset" 37
"../../../Engine/Content/EditorMaterials/MatineeGroups/MAT_Groups_Anim.uexp" 38
"../../../Engine/Content/EditorMaterials/MatineeGroups/MAT_Groups_AudioMaster.uasset" 39
"../../../Engine/Content/EditorMaterials/MatineeGroups/MAT_Groups_AudioMaster.uexp" 40
"../../../Engine/Content/EditorMaterials/MatineeGroups/MAT_Groups_Director.uasset" 41
"../../../Engine/Content/EditorMaterials/MatineeGroups/MAT_Groups_Director.uexp" 42
"../../../Engine/Content/EditorMaterials/MatineeGroups/MAT_Groups_Event.uasset" 43
"../../../Engine/Content/EditorMaterials/MatineeGroups/MAT_Groups_Event.uexp" 44
"../../../Engine/Content/EditorMaterials/MatineeGroups/MAT_Groups_Fade.uasset" 45
"../../../Engine/Content/EditorMaterials/MatineeGroups/MAT_Groups_Fade.uexp" 46
"../../../Engine/Content/EditorMaterials/MatineeGroups/MAT_Groups_Float.uasset" 47
"../../../Engine/Content/EditorMaterials/MatineeGroups/MAT_Groups_Float.uexp" 48
"../../../Engine/Content/EditorMaterials/MatineeGroups/MAT_Groups_Move.uasset" 49
"../../../Engine/Content/EditorMaterials/MatineeGroups/MAT_Groups_Move.uexp" 50
"../../../Engine/Content/EditorMaterials/MatineeGroups/MAT_Groups_Slomo.uasset" 51
"../../../Engine/Content/EditorMaterials/MatineeGroups/MAT_Groups_Slomo.uexp" 52
"../../../Engine/Content/EditorMaterials/MatineeGroups/MAT_Groups_Sound.uasset" 53
"../../../Engine/Content/EditorMaterials/MatineeGroups/MAT_Groups_Sound.uexp" 54
"../../../Engine/Content/EditorMaterials/MatineeGroups/MAT_Groups_Vector.uasset" 55
"../../../Engine/Content/EditorMaterials/MatineeGroups/MAT_Groups_Vector.uexp" 56
"../../../Engine/Content/EditorMaterials/ParticleSystems/PSysThumbnail_NoImage.uasset" 57
"../../../Engine/Content/EditorMaterials/ParticleSystems/PSysThumbnail_NoImage.uexp" 58
"../../../Engine/Content/EditorMaterials/ParticleSystems/PSysThumbnail_NoImage.ubulk" 59
"../../../Engine/Content/EditorMaterials/ParticleSystems/PSysThumbnail_OOD.uasset" 60
"../../../Engine/Content/EditorMaterials/ParticleSystems/PSysThumbnail_OOD.uexp" 61
"../../../Engine/Content/EditorMaterials/ParticleSystems/PSysThumbnail_OOD.ubulk" 62
"../../../Engine/Content/EditorMaterials/Camera/CineMat.uasset" 63
"../../../Engine/Content/EditorMaterials/Camera/CineMat.uexp" 64
"../../../Engine/Content/EditorMaterials/Camera/MI_CineMat_Rig.uasset" 65
"../../../Engine/Content/EditorMaterials/Camera/MI_CineMat_Rig.uexp" 66
"../../../Engine/Content/EditorMeshes/Camera/SM_CraneRig_Arm.uasset" 67
"../../../Engine/Content/EditorMeshes/Camera/SM_CraneRig_Arm.uexp" 68
"../../../Engine/Content/EditorMeshes/Camera/SM_CraneRig_Base.uasset" 69
"../../../Engine/Content/EditorMeshes/Camera/SM_CraneRig_Base.uexp" 70
"../../../Engine/Content/EditorMeshes/Camera/SM_CraneRig_Body.uasset" 71
"../../../Engine/Content/EditorMeshes/Camera/SM_CraneRig_Body.uexp" 72
"../../../Engine/Content/EditorMeshes/Camera/SM_CraneRig_Mount.uasset" 73
"../../../Engine/Content/EditorMeshes/Camera/SM_CraneRig_Mount.uexp" 74
"../../../Engine/Content/EditorMeshes/Camera/SM_RailRig_Mount.uasset" 75
"../../../Engine/Content/EditorMeshes/Camera/SM_RailRig_Mount.uexp" 76
"../../../Engine/Content/EditorMeshes/Camera/SM_RailRig_Track.uasset" 77
"../../../Engine/Content/EditorMeshes/Camera/SM_RailRig_Track.uexp" 78
"../../../Engine/Content/EditorResources/BSPVertex.uasset" 79
"../../../Engine/Content/EditorResources/BSPVertex.uexp" 80
"../../../Engine/Content/EditorResources/EmptyActor.uasset" 81
"../../../Engine/Content/EditorResources/EmptyActor.uexp" 82
"../../../Engine/Content/EditorResources/S_Actor.uasset" 83
"../../../Engine/Content/EditorResources/S_Actor.uexp" 84
"../../../Engine/Content/EditorResources/S_Actor.ubulk" 85
"../../../Engine/Content/EditorResources/S_Note.uasset" 86
"../../../Engine/Content/EditorResources/S_Note.uexp" 87
"../../../Engine/Content/EditorResources/S_Note.ubulk" 88
"../../../Engine/Content/EditorResources/S_Solver.uasset" 89
"../../../Engine/Content/EditorResources/S_Solver.uexp" 90
"../../../Engine/Content/EditorResources/S_Solver.ubulk" 91
"../../../Engine/Content/EditorResources/S_Terrain.uasset" 92
"../../../Engine/Content/EditorResources/S_Terrain.uexp" 93
"../../../Engine/Content/EditorResources/S_Terrain.ubulk" 94
"../../../Engine/Content/EditorResources/S_Trigger.uasset" 95
"../../../Engine/Content/EditorResources/S_Trigger.uexp" 96
"../../../Engine/Content/EditorResources/S_Trigger.ubulk" 97
"../../../Engine/Content/EditorResources/LightIcons/S_LightError.uasset" 98
"../../../Engine/Content/EditorResources/LightIcons/S_LightError.uexp" 99
"../../../Engine/Content/EditorResources/SequenceRecorder/Countdown.uasset" 100
"../../../Engine/Content/EditorResources/SequenceRecorder/Countdown.uexp" 101
"../../../Engine/Content/EditorResources/SequenceRecorder/RecordingIndicator.uasset" 102
"../../../Engine/Content/EditorResources/SequenceRecorder/RecordingIndicator.uexp" 103
"../../../Engine/Content/EngineDamageTypes/DmgTypeBP_Environmental.uasset" 104
"../../../Engine/Content/EngineDamageTypes/DmgTypeBP_Environmental.uexp" 105
"../../../Engine/Content/EngineDebugMaterials/DebugEditorMaterial.uasset" 106
"../../../Engine/Content/EngineDebugMaterials/DebugEditorMaterial.uexp" 107
"../../../Engine/Content/EngineDebugMaterials/DebugMeshMaterial.uasset" 108
"../../../Engine/Content/EngineDebugMaterials/DebugMeshMaterial.uexp" 109
"../../../Engine/Content/EngineDebugMaterials/M_SimpleUnlitTranslucent.uasset" 110
"../../../Engine/Content/EngineDebugMaterials/M_SimpleUnlitTranslucent.uexp" 111
"../../../Engine/Content/EngineDebugMaterials/VolumeToRender.uasset" 112
"../../../Engine/Content/EngineDebugMaterials/VolumeToRender.uexp" 113
"../../../Engine/Content/Functions/Engine_MaterialFunctions02/Utility/CameraDirectionVector.uasset" 114
"../../../Engine/Content/Functions/Engine_MaterialFunctions02/Utility/CameraDirectionVector.uexp" 115
"../../../Engine/Content/EngineDebugMaterials/M_VolumeRenderSphereTracePP.uasset" 116
"../../../Engine/Content/EngineDebugMaterials/M_VolumeRenderSphereTracePP.uexp" 117
"../../../Engine/Content/Functions/Engine_MaterialFunctions01/Shading/ConvertFromDiffSpec.uasset" 118
"../../../Engine/Content/Functions/Engine_MaterialFunctions01/Shading/ConvertFromDiffSpec.uexp" 119
"../../../Engine/Content/EngineDebugMaterials/VertexColorMaterial.uasset" 120
"../../../Engine/Content/EngineDebugMaterials/VertexColorMaterial.uexp" 121
"../../../Engine/Content/EngineDebugMaterials/WireframeMaterial.uasset" 122
"../../../Engine/Content/EngineDebugMaterials/WireframeMaterial.uexp" 123
"../../../Engine/Content/EngineMaterials/BaseFlattenNormalMap.uasset" 124
"../../../Engine/Content/EngineMaterials/BaseFlattenNormalMap.uexp" 125
"../../../Engine/Content/EngineMaterials/BaseFlattenGrayscaleMap.uasset" 126
"../../../Engine/Content/EngineMaterials/BaseFlattenGrayscaleMap.uexp" 127
"../../../Engine/Content/EngineMaterials/BaseFlattenEmissiveMap.uasset" 128
"../../../Engine/Content/EngineMaterials/BaseFlattenEmissiveMap.uexp" 129
"../../../Engine/Content/EngineMaterials/BaseFlattenDiffuseMap.uasset" 130
"../../../Engine/Content/EngineMaterials/BaseFlattenDiffuseMap.uexp" 131
"../../../Engine/Content/EngineMaterials/BaseFlattenMaterial.uasset" 132
"../../../Engine/Content/EngineMaterials/BaseFlattenMaterial.uexp" 133
"../../../Engine/Content/EngineMaterials/BlueNoise.uasset" 134
"../../../Engine/Content/EngineMaterials/BlueNoise.uexp" 135
"../../../Engine/Content/EngineMaterials/DefaultBloomKernel.uasset" 136
"../../../Engine/Content/EngineMaterials/DefaultBloomKernel.uexp" 137
"../../../Engine/Content/EngineMaterials/DefaultBokeh.uasset" 138
"../../../Engine/Content/EngineMaterials/DefaultBokeh.uexp" 139
"../../../Engine/Content/EngineMaterials/DefaultDiffuse.uasset" 140
"../../../Engine/Content/EngineMaterials/DefaultDiffuse.uexp" 141
"../../../Engine/Content/EngineMaterials/DefaultDiffuse.ubulk" 142
"../../../Engine/Content/EngineMaterials/DefaultDeferredDecalMaterial.uasset" 143
"../../../Engine/Content/EngineMaterials/DefaultDeferredDecalMaterial.uexp" 144
"../../../Engine/Content/EngineMaterials/DefaultLightFunctionMaterial.uasset" 145
"../../../Engine/Content/EngineMaterials/DefaultLightFunctionMaterial.uexp" 146
"../../../Engine/Content/EngineMaterials/DefaultPhysicalMaterial.uasset" 147
"../../../Engine/Content/EngineMaterials/DefaultPhysicalMaterial.uexp" 148
"../../../Engine/Content/Functions/Engine_MaterialFunctions02/Utility/BreakOutFloat2Components.uasset" 149
"../../../Engine/Content/Functions/Engine_MaterialFunctions02/Utility/BreakOutFloat2Components.uexp" 150
"../../../Engine/Content/EngineMaterials/DefaultPostProcessMaterial.uasset" 151
"../../../Engine/Content/EngineMaterials/DefaultPostProcessMaterial.uexp" 152
"../../../Engine/Content/EngineFonts/RobotoDistanceField.uasset" 153
"../../../Engine/Content/EngineFonts/RobotoDistanceField.uexp" 154
"../../../Engine/Content/EngineMaterials/DefaultTextMaterialOpaque.uasset" 155
"../../../Engine/Content/EngineMaterials/DefaultTextMaterialOpaque.uexp" 156
"../../../Engine/Content/EngineMaterials/DefaultWhiteGrid.uasset" 157
"../../../Engine/Content/EngineMaterials/DefaultWhiteGrid.uexp" 158
"../../../Engine/Content/EngineMaterials/DefaultWhiteGrid.ubulk" 159
"../../../Engine/Content/EngineMaterials/DefaultWhiteGrid_Low.uasset" 160
"../../../Engine/Content/EngineMaterials/DefaultWhiteGrid_Low.uexp" 161
"../../../Engine/Content/EngineMaterials/EmissiveMeshMaterial.uasset" 162
"../../../Engine/Content/EngineMaterials/EmissiveMeshMaterial.uexp" 163
"../../../Engine/Content/EngineMaterials/GizmoMaterial.uasset" 164
"../../../Engine/Content/EngineMaterials/GizmoMaterial.uexp" 165
"../../../Engine/Content/EngineMaterials/Good64x64TilingNoiseHighFreq.uasset" 166
"../../../Engine/Content/EngineMaterials/Good64x64TilingNoiseHighFreq.uexp" 167
"../../../Engine/Content/EngineMaterials/MiniFont.uasset" 168
"../../../Engine/Content/EngineMaterials/MiniFont.uexp" 169
"../../../Engine/Content/EngineMaterials/InvalidLightmapSettings.uasset" 170
"../../../Engine/Content/EngineMaterials/InvalidLightmapSettings.uexp" 171
"../../../Engine/Content/EngineMaterials/InvalidLightmapSettings.ubulk" 172
"../../../Engine/Content/EngineMaterials/M_InvalidLightmapSettings.uasset" 173
"../../../Engine/Content/EngineMaterials/M_InvalidLightmapSettings.uexp" 174
"../../../Engine/Content/Functions/Engine_MaterialFunctions02/WorldPositionOffset/CameraOffset.uasset" 175
"../../../Engine/Content/Functions/Engine_MaterialFunctions02/WorldPositionOffset/CameraOffset.uexp" 176
"../../../Engine/Content/EngineMaterials/PhAT_JointLimitMaterial.uasset" 177
"../../../Engine/Content/EngineMaterials/PhAT_JointLimitMaterial.uexp" 178
"../../../Engine/Content/EngineMaterials/DefaultCalibrationColor.uasset" 179
"../../../Engine/Content/EngineMaterials/DefaultCalibrationColor.uexp" 180
"../../../Engine/Content/EngineMaterials/PPM_DefaultCalibrationColor.uasset" 181
"../../../Engine/Content/EngineMaterials/PPM_DefaultCalibrationColor.uexp" 182
"../../../Engine/Content/EngineMaterials/DefaultCalibrationGrayscale.uasset" 183
"../../../Engine/Content/EngineMaterials/DefaultCalibrationGrayscale.uexp" 184
"../../../Engine/Content/EngineMaterials/PPM_DefaultCalibrationGrayscale.uasset" 185
"../../../Engine/Content/EngineMaterials/PPM_DefaultCalibrationGrayscale.uexp" 186
"../../../Engine/Content/EngineMaterials/PreintegratedSkinBRDF.uasset" 187
"../../../Engine/Content/EngineMaterials/PreintegratedSkinBRDF.uexp" 188
"../../../Engine/Content/EngineMaterials/RemoveSurfaceMaterial.uasset" 189
"../../../Engine/Content/EngineMaterials/RemoveSurfaceMaterial.uexp" 190
"../../../Engine/Content/EngineMaterials/WeightMapPlaceholderTexture.uasset" 191
"../../../Engine/Content/EngineMaterials/WeightMapPlaceholderTexture.uexp" 192
"../../../Engine/Content/EngineResources/WhiteSquareTexture.uasset" 193
"../../../Engine/Content/EngineResources/WhiteSquareTexture.uexp" 194
"../../../Engine/Content/EngineMaterials/Widget3DPassThrough.uasset" 195
"../../../Engine/Content/EngineMaterials/Widget3DPassThrough.uexp" 196
"../../../Engine/Content/EngineMaterials/Widget3DPassThrough_Masked.uasset" 197
"../../../Engine/Content/EngineMaterials/Widget3DPassThrough_Masked.uexp" 198
"../../../Engine/Content/EngineMaterials/Widget3DPassThrough_Opaque.uasset" 199
"../../../Engine/Content/EngineMaterials/Widget3DPassThrough_Opaque.uexp" 200
"../../../Engine/Content/EngineMaterials/Widget3DPassThrough_Masked_OneSided.uasset" 201
"../../../Engine/Content/EngineMaterials/Widget3DPassThrough_Masked_OneSided.uexp" 202
"../../../Engine/Content/EngineMaterials/Widget3DPassThrough_Opaque_OneSided.uasset" 203
"../../../Engine/Content/EngineMaterials/Widget3DPassThrough_Opaque_OneSided.uexp" 204
"../../../Engine/Content/EngineMaterials/Widget3DPassThrough_Translucent.uasset" 205
"../../../Engine/Content/EngineMaterials/Widget3DPassThrough_Translucent.uexp" 206
"../../../Engine/Content/EngineMaterials/Widget3DPassThrough_Translucent_OneSided.uasset" 207
"../../../Engine/Content/EngineMaterials/Widget3DPassThrough_Translucent_OneSided.uexp" 208
"../../../Engine/Content/EngineMeshes/Cube.uasset" 209
"../../../Engine/Content/EngineMeshes/Cube.uexp" 210
"../../../Engine/Content/EngineMeshes/Cylinder.uasset" 211
"../../../Engine/Content/EngineMeshes/Cylinder.uexp" 212
"../../../Engine/Content/EngineMeshes/Sphere.uasset" 213
"../../../Engine/Content/EngineMeshes/Sphere.uexp" 214
"../../../Engine/Content/EngineResources/DefaultTexture.uasset" 215
"../../../Engine/Content/EngineResources/DefaultTexture.uexp" 216
"../../../Engine/Content/EngineResources/DefaultTexture.ubulk" 217
"../../../Engine/Content/EngineResources/DefaultTextureCube.uasset" 218
"../../../Engine/Content/EngineResources/DefaultTextureCube.uexp" 219
"../../../Engine/Content/EngineResources/DefaultVolumeTexture2D.uasset" 220
"../../../Engine/Content/EngineResources/DefaultVolumeTexture2D.uexp" 221
"../../../Engine/Content/EngineResources/DefaultVolumeTexture.uasset" 222
"../../../Engine/Content/EngineResources/DefaultVolumeTexture.uexp" 223
"../../../Engine/Content/EngineResources/GradientTexture0.uasset" 224
"../../../Engine/Content/EngineResources/GradientTexture0.uexp" 225
"../../../Engine/Content/EngineSky/VolumetricClouds/T_NoiseShape64.uasset" 226
"../../../Engine/Content/EngineSky/VolumetricClouds/T_NoiseShape64.uexp" 227
"../../../Engine/Content/EngineSky/VolumetricClouds/T_NoiseShape64.ubulk" 228
"../../../Engine/Content/EngineSky/VolumetricClouds/T_VolumeNoiseShape64.uasset" 229
"../../../Engine/Content/EngineSky/VolumetricClouds/T_VolumeNoiseShape64.uexp" 230
"../../../Engine/Content/EngineSky/VolumetricClouds/T_NoiseErosion.uasset" 231
"../../../Engine/Content/EngineSky/VolumetricClouds/T_NoiseErosion.uexp" 232
"../../../Engine/Content/EngineSky/VolumetricClouds/T_NoiseErosion.ubulk" 233
"../../../Engine/Content/EngineSky/VolumetricClouds/T_VolumeNoiseErosion32.uasset" 234
"../../../Engine/Content/EngineSky/VolumetricClouds/T_VolumeNoiseErosion32.uexp" 235
"../../../Engine/Content/EngineSky/VolumetricClouds/CloudWeatherTexture.uasset" 236
"../../../Engine/Content/EngineSky/VolumetricClouds/CloudWeatherTexture.uexp" 237
"../../../Engine/Content/EngineSky/VolumetricClouds/CloudGradientTexture.uasset" 238
"../../../Engine/Content/EngineSky/VolumetricClouds/CloudGradientTexture.uexp" 239
"../../../Engine/Content/Functions/Engine_MaterialFunctions02/Utility/MakeFloat2.uasset" 240
"../../../Engine/Content/Functions/Engine_MaterialFunctions02/Utility/MakeFloat2.uexp" 241
"../../../Engine/Content/EngineSky/VolumetricClouds/m_SimpleVolumetricCloud.uasset" 242
"../../../Engine/Content/EngineSky/VolumetricClouds/m_SimpleVolumetricCloud.uexp" 243
"../../../Engine/Content/EngineSky/VolumetricClouds/m_SimpleVolumetricCloud_Inst.uasset" 244
"../../../Engine/Content/EngineSky/VolumetricClouds/m_SimpleVolumetricCloud_Inst.uexp" 245
"../../../Engine/Content/EngineSounds/Master.uasset" 246
"../../../Engine/Content/EngineSounds/Master.uexp" 247
"../../../Engine/Content/Functions/Engine_MaterialFunctions01/Shading/PowerToRoughness.uasset" 248
"../../../Engine/Content/Functions/Engine_MaterialFunctions01/Shading/PowerToRoughness.uexp" 249
"../../../Engine/Content/Maps/Templates/Thumbnails/Default.uasset" 250
"../../../Engine/Content/Maps/Templates/Thumbnails/Default.uexp" 251
"../../../Engine/Content/Maps/Templates/Thumbnails/TimeOfDay.uasset" 252
"../../../Engine/Content/Maps/Templates/Thumbnails/TimeOfDay.uexp" 253
"../../../Engine/Content/Maps/Templates/Thumbnails/VR-Basic.uasset" 254
"../../../Engine/Content/Maps/Templates/Thumbnails/VR-Basic.uexp" 255
"../../../Engine/Content/MobileResources/T_MobileControls_texture.uasset" 256
"../../../Engine/Content/MobileResources/T_MobileControls_texture.uexp" 257
"../../../Engine/Content/MobileResources/T_MobileMenu2.uasset" 258
"../../../Engine/Content/MobileResources/T_MobileMenu2.uexp" 259
"../../../Engine/Content/MobileResources/HUD/AnalogHat.uasset" 260
"../../../Engine/Content/MobileResources/HUD/AnalogHat.uexp" 261
"../../../Engine/Content/MobileResources/HUD/VirtualJoystick_Thumb.uasset" 262
"../../../Engine/Content/MobileResources/HUD/VirtualJoystick_Thumb.uexp" 263
"../../../Engine/Content/MobileResources/HUD/VirtualJoystick_Background.uasset" 264
"../../../Engine/Content/MobileResources/HUD/VirtualJoystick_Background.uexp" 265
"../../../Engine/Content/MobileResources/HUD/DefaultVirtualJoysticks.uasset" 266
"../../../Engine/Content/MobileResources/HUD/DefaultVirtualJoysticks.uexp" 267
"../../../Engine/Content/MobileResources/HUD/LeftVirtualJoystickOnly.uasset" 268
"../../../Engine/Content/MobileResources/HUD/LeftVirtualJoystickOnly.uexp" 269
"../../../Engine/Content/MobileResources/HUD/MobileHUDButton1_off.uasset" 270
"../../../Engine/Content/MobileResources/HUD/MobileHUDButton1_off.uexp" 271
"../../../Engine/Content/MobileResources/HUD/MobileHUDButton1_on.uasset" 272
"../../../Engine/Content/MobileResources/HUD/MobileHUDButton1_on.uexp" 273
"../../../Engine/Content/MobileResources/HUD/MobileHUDButton2_off.uasset" 274
"../../../Engine/Content/MobileResources/HUD/MobileHUDButton2_off.uexp" 275
"../../../Engine/Content/MobileResources/HUD/MobileHUDButton2_on.uasset" 276
"../../../Engine/Content/MobileResources/HUD/MobileHUDButton2_on.uexp" 277
"../../../Engine/Content/MobileResources/HUD/MobileHUDButton3.uasset" 278
"../../../Engine/Content/MobileResources/HUD/MobileHUDButton3.uexp" 279
"../../../Engine/Content/MobileResources/HUD/MobileHUDButtonFire.uasset" 280
"../../../Engine/Content/MobileResources/HUD/MobileHUDButtonFire.uexp" 281
"../../../Engine/Content/MobileResources/HUD/MobileHUDDirectionPad.uasset" 282
"../../../Engine/Content/MobileResources/HUD/MobileHUDDirectionPad.uexp" 283
"../../../Engine/Content/MobileResources/HUD/MobileHUDDirectionPad2.uasset" 284
"../../../Engine/Content/MobileResources/HUD/MobileHUDDirectionPad2.uexp" 285
"../../../Engine/Content/MobileResources/HUD/MobileHUDDirectionPad3.uasset" 286
"../../../Engine/Content/MobileResources/HUD/MobileHUDDirectionPad3.uexp" 287
"../../../Engine/Content/MobileResources/HUD/MobileHUDDirectionStick.uasset" 288
"../../../Engine/Content/MobileResources/HUD/MobileHUDDirectionStick.uexp" 289
"../../../Engine/Content/MobileResources/HUD/T_Castle_ThumbstickInner.uasset" 290
"../../../Engine/Content/MobileResources/HUD/T_Castle_ThumbstickInner.uexp" 291
"../../../Engine/Content/MobileResources/HUD/T_Castle_ThumbstickOutter.uasset" 292
"../../../Engine/Content/MobileResources/HUD/T_Castle_ThumbstickOutter.uexp" 293
"../../../Engine/Content/Tutorial/ContentIntroCurve.uasset" 294
"../../../Engine/Content/Tutorial/ContentIntroCurve.uexp" 295
"../../../Engine/Content/Tutorial/Basics/TutorialAssets/icon_tab_Levels_40x.uasset" 296
"../../../Engine/Content/Tutorial/Basics/TutorialAssets/icon_tab_Levels_40x.uexp" 297
"../../../Engine/Content/Tutorial/Basics/TutorialAssets/CameraActor_64x.uasset" 298
"../../../Engine/Content/Tutorial/Basics/TutorialAssets/CameraActor_64x.uexp" 299
"../../../Engine/Content/Tutorial/BlueprintTutorials/TutorialAssets/Blueprint_64x.uasset" 300
"../../../Engine/Content/Tutorial/BlueprintTutorials/TutorialAssets/Blueprint_64x.uexp" 301
"../../../Engine/Content/Tutorial/BlueprintTutorials/TutorialAssets/BlueprintInterface_64x.uasset" 302
"../../../Engine/Content/Tutorial/BlueprintTutorials/TutorialAssets/BlueprintInterface_64x.uexp" 303
"../../../Engine/Content/Tutorial/BlueprintTutorials/TutorialAssets/BlueprintMacroLibrary_64x.uasset" 304
"../../../Engine/Content/Tutorial/BlueprintTutorials/TutorialAssets/BlueprintMacroLibrary_64x.uexp" 305
"../../../Engine/Content/EditorBlueprintResources/StandardMacros.uasset" 306
"../../../Engine/Content/EditorBlueprintResources/StandardMacros.uexp" 307
"../../../Engine/Content/EditorBlueprintResources/ActorMacros.uasset" 308
"../../../Engine/Content/EditorBlueprintResources/ActorMacros.uexp" 309
"../../../Engine/Content/Tutorial/BlueprintTutorials/TutorialAssets/Tutorial_BP_Class.uasset" 310
"../../../Engine/Content/Tutorial/BlueprintTutorials/TutorialAssets/Tutorial_BP_Class.uexp" 311
"../../../Engine/Content/Tutorial/BlueprintTutorials/TutorialAssets/Tutorial_BP_Interface.uasset" 312
"../../../Engine/Content/Tutorial/BlueprintTutorials/TutorialAssets/Tutorial_BP_Interface.uexp" 313
"../../../Engine/Content/Tutorial/SubEditors/TutorialAssets/TutorialMaterial.uasset" 314
"../../../Engine/Content/Tutorial/SubEditors/TutorialAssets/TutorialMaterial.uexp" 315
"../../../Engine/Content/Tutorial/SubEditors/TutorialAssets/T_soft_smoke.uasset" 316
"../../../Engine/Content/Tutorial/SubEditors/TutorialAssets/T_soft_smoke.uexp" 317
"../../../Engine/Content/Tutorial/SubEditors/TutorialAssets/T_soft_smoke.ubulk" 318
"../../../Engine/Content/Tutorial/SubEditors/TutorialAssets/T_SmokeSubUV_8X8.uasset" 319
"../../../Engine/Content/Tutorial/SubEditors/TutorialAssets/T_SmokeSubUV_8X8.uexp" 320
"../../../Engine/Content/Tutorial/SubEditors/TutorialAssets/T_SmokeSubUV_8X8.ubulk" 321
"../../../Engine/Content/Tutorial/SubEditors/TutorialAssets/M_smoke_subUV_blackbody.uasset" 322
"../../../Engine/Content/Tutorial/SubEditors/TutorialAssets/M_smoke_subUV_blackbody.uexp" 323
"../../../Engine/Content/Tutorial/SubEditors/TutorialAssets/TutorialParticleSystem.uasset" 324
"../../../Engine/Content/Tutorial/SubEditors/TutorialAssets/TutorialParticleSystem.uexp" 325
"../../../Engine/Content/VREditor/TransformGizmo/TranslucentTransformGizmoMaterial.uasset" 326
"../../../Engine/Content/VREditor/TransformGizmo/TranslucentTransformGizmoMaterial.uexp" 327
"../../../Engine/Content/VREditor/LaserPointer/VR_LaserPower_01.uasset" 328
"../../../Engine/Content/VREditor/LaserPointer/VR_LaserPower_01.uexp" 329
"../../../Engine/Content/VREditor/LaserPointer/VR_LaserPower_01.ubulk" 330
"../../../Engine/Content/VREditor/TransformGizmo/TransformGizmoMaterial.uasset" 331
"../../../Engine/Content/VREditor/TransformGizmo/TransformGizmoMaterial.uexp" 332
"../../../Engine/Content/VREditor/TransformGizmo/BoundingBoxCorner.uasset" 333
"../../../Engine/Content/VREditor/TransformGizmo/BoundingBoxCorner.uexp" 334
"../../../Engine/Content/VREditor/TransformGizmo/BoundingBoxEdge.uasset" 335
"../../../Engine/Content/VREditor/TransformGizmo/BoundingBoxEdge.uexp" 336
"../../../Engine/Content/VREditor/TransformGizmo/PlaneTranslationHandle.uasset" 337
"../../../Engine/Content/VREditor/TransformGizmo/PlaneTranslationHandle.uexp" 338
"../../../Engine/Content/VREditor/TransformGizmo/Xray.uasset" 339
"../../../Engine/Content/VREditor/TransformGizmo/Xray.uexp" 340
"../../../Engine/Content/VREditor/TransformGizmo/Main.uasset" 341
"../../../Engine/Content/VREditor/TransformGizmo/Main.uexp" 342
"../../../Engine/Content/VREditor/TransformGizmo/SM_Sequencer_Key.uasset" 343
"../../../Engine/Content/VREditor/TransformGizmo/SM_Sequencer_Key.uexp" 344
"../../../Engine/Content/VREditor/TransformGizmo/SM_Sequencer_Node.uasset" 345
"../../../Engine/Content/VREditor/TransformGizmo/SM_Sequencer_Node.uexp" 346
"../../../Engine/Plugins/2D/Paper2D/Content/PlaceholderTextures/DummySpriteTexture.uasset" 347
"../../../Engine/Plugins/2D/Paper2D/Content/PlaceholderTextures/DummySpriteTexture.uexp" 348
"../../../Engine/Plugins/2D/Paper2D/Content/PlaceholderTextures/DummySpriteTexture.ubulk" 349
"../../../Engine/Plugins/2D/Paper2D/Content/DummySprite.uasset" 350
"../../../Engine/Plugins/2D/Paper2D/Content/DummySprite.uexp" 351
"../../../Engine/Plugins/2D/Paper2D/Content/DefaultPaperTerrainMaterial.uasset" 352
"../../../Engine/Plugins/2D/Paper2D/Content/DefaultPaperTerrainMaterial.uexp" 353
"../../../Engine/Plugins/2D/Paper2D/Content/DefaultSpriteMaterial.uasset" 354
"../../../Engine/Plugins/2D/Paper2D/Content/DefaultSpriteMaterial.uexp" 355
"../../../Engine/Plugins/2D/Paper2D/Content/MaskedUnlitSpriteMaterial.uasset" 356
"../../../Engine/Plugins/2D/Paper2D/Content/MaskedUnlitSpriteMaterial.uexp" 357
"../../../Engine/Plugins/2D/Paper2D/Content/OpaqueUnlitSpriteMaterial.uasset" 358
"../../../Engine/Plugins/2D/Paper2D/Content/OpaqueUnlitSpriteMaterial.uexp" 359
"../../../Engine/Plugins/2D/Paper2D/Content/Tutorial/Paper2D/TutorialAssets/Paper2DFlipbook_TutorialIcon.uasset" 360
"../../../Engine/Plugins/2D/Paper2D/Content/Tutorial/Paper2D/TutorialAssets/Paper2DFlipbook_TutorialIcon.uexp" 361
"../../../Engine/Plugins/2D/Paper2D/Content/Tutorial/Paper2D/TutorialAssets/Paper2DSprite_TutorialIcon.uasset" 362
"../../../Engine/Plugins/2D/Paper2D/Content/Tutorial/Paper2D/TutorialAssets/Paper2DSprite_TutorialIcon.uexp" 363
"../../../Engine/Content/Functions/Engine_MaterialFunctions02/Utility/BreakOutFloat3Components.uasset" 364
"../../../Engine/Content/Functions/Engine_MaterialFunctions02/Utility/BreakOutFloat3Components.uexp" 365
"../../../Engine/Plugins/Editor/SpeedTreeImporter/Content/SpeedTree9/UnpackInteger3.uasset" 366
"../../../Engine/Plugins/Editor/SpeedTreeImporter/Content/SpeedTree9/UnpackInteger3.uexp" 367
"../../../Engine/Plugins/Editor/SpeedTreeImporter/Content/SpeedTree9/UnpackDirection.uasset" 368
"../../../Engine/Plugins/Editor/SpeedTreeImporter/Content/SpeedTree9/UnpackDirection.uexp" 369
"../../../Engine/Plugins/Editor/SpeedTreeImporter/Content/SpeedTree9/game_wind_noise.uasset" 370
"../../../Engine/Plugins/Editor/SpeedTreeImporter/Content/SpeedTree9/game_wind_noise.uexp" 371
"../../../Engine/Plugins/Editor/SpeedTreeImporter/Content/SpeedTree9/game_wind_noise.ubulk" 372
"../../../Engine/Content/Functions/Engine_MaterialFunctions02/SafeNormalize.uasset" 373
"../../../Engine/Content/Functions/Engine_MaterialFunctions02/SafeNormalize.uexp" 374
"../../../Engine/Plugins/Editor/SpeedTreeImporter/Content/SpeedTree9/SpeedTreeWindMotion.uasset" 375
"../../../Engine/Plugins/Editor/SpeedTreeImporter/Content/SpeedTree9/SpeedTreeWindMotion.uexp" 376
"../../../Engine/Plugins/Editor/SpeedTreeImporter/Content/SpeedTree9/SpeedTreeBranchMotion.uasset" 377
"../../../Engine/Plugins/Editor/SpeedTreeImporter/Content/SpeedTree9/SpeedTreeBranchMotion.uexp" 378
"../../../Engine/Content/Functions/Engine_MaterialFunctions02/ObjectLocalBounds.uasset" 379
"../../../Engine/Content/Functions/Engine_MaterialFunctions02/ObjectLocalBounds.uexp" 380
"../../../Engine/Content/Functions/Engine_MaterialFunctions02/UVs/BoundingBoxBased_0-1_UVW.uasset" 381
"../../../Engine/Content/Functions/Engine_MaterialFunctions02/UVs/BoundingBoxBased_0-1_UVW.uexp" 382
"../../../Engine/Content/Functions/Engine_MaterialFunctions02/Utility/VectorLength.uasset" 383
"../../../Engine/Content/Functions/Engine_MaterialFunctions02/Utility/VectorLength.uexp" 384
"../../../Engine/Content/Functions/Engine_MaterialFunctions02/WorldPositionOffset/ObjectScale.uasset" 385
"../../../Engine/Content/Functions/Engine_MaterialFunctions02/WorldPositionOffset/ObjectScale.uexp" 386
"../../../Engine/Plugins/Editor/SpeedTreeImporter/Content/SpeedTree9/SpeedTreeWind.uasset" 387
"../../../Engine/Plugins/Editor/SpeedTreeImporter/Content/SpeedTree9/SpeedTreeWind.uexp" 388
"../../../Engine/Plugins/Editor/SpeedTreeImporter/Content/SpeedTree9/SpeedTreeBillboard.uasset" 389
"../../../Engine/Plugins/Editor/SpeedTreeImporter/Content/SpeedTree9/SpeedTreeBillboard.uexp" 390
"../../../Engine/Plugins/Editor/SpeedTreeImporter/Content/SpeedTree9/EmptyNormal.uasset" 391
"../../../Engine/Plugins/Editor/SpeedTreeImporter/Content/SpeedTree9/EmptyNormal.uexp" 392
"../../../Engine/Plugins/Editor/SpeedTreeImporter/Content/SpeedTree9/Empty.uasset" 393
"../../../Engine/Plugins/Editor/SpeedTreeImporter/Content/SpeedTree9/Empty.uexp" 394
"../../../Engine/Plugins/Editor/SpeedTreeImporter/Content/SpeedTree9/SpeedTreeBillboardMaster.uasset" 395
"../../../Engine/Plugins/Editor/SpeedTreeImporter/Content/SpeedTree9/SpeedTreeBillboardMaster.uexp" 396
"../../../Engine/Plugins/Editor/SpeedTreeImporter/Content/SpeedTree9/SpeedTreeCameraFacing.uasset" 397
"../../../Engine/Plugins/Editor/SpeedTreeImporter/Content/SpeedTree9/SpeedTreeCameraFacing.uexp" 398
"../../../Engine/Plugins/Editor/SpeedTreeImporter/Content/SpeedTree9/SpeedTreeMaster.uasset" 399
"../../../Engine/Plugins/Editor/SpeedTreeImporter/Content/SpeedTree9/SpeedTreeMaster.uexp" 400
"../../../Engine/Content/ArtTools/RenderToTexture/Materials/Debug/M_Emissive_Color.uasset" 401
"../../../Engine/Content/ArtTools/RenderToTexture/Materials/Debug/M_Emissive_Color.uexp" 402
"../../../Engine/Content/BasicShapes/Cylinder.uasset" 403
"../../../Engine/Content/BasicShapes/Cylinder.uexp" 404
"../../../Engine/Plugins/Lumin/MagicLeapPassableWorld/Content/MagicLeapARPinInfoActor.uasset" 405
"../../../Engine/Plugins/Lumin/MagicLeapPassableWorld/Content/MagicLeapARPinInfoActor.uexp" 406
"../../../Engine/Plugins/Runtime/OpenXR/Content/Devices/GoogleDaydream/MRTexture.uasset" 407
"../../../Engine/Plugins/Runtime/OpenXR/Content/Devices/GoogleDaydream/MRTexture.uexp" 408
"../../../Engine/Plugins/Runtime/OpenXR/Content/Devices/GoogleDaydream/MRTexture.ubulk" 409
"../../../Engine/Plugins/Runtime/OpenXR/Content/Devices/GoogleDaydream/BaseTexture.uasset" 410
"../../../Engine/Plugins/Runtime/OpenXR/Content/Devices/GoogleDaydream/BaseTexture.uexp" 411
"../../../Engine/Plugins/Runtime/OpenXR/Content/Devices/GoogleDaydream/BaseTexture.ubulk" 412
"../../../Engine/Content/EngineResources/Black.uasset" 413
"../../../Engine/Content/EngineResources/Black.uexp" 414
"../../../Engine/Plugins/Runtime/OpenXR/Content/Devices/M_XRController.uasset" 415
"../../../Engine/Plugins/Runtime/OpenXR/Content/Devices/M_XRController.uexp" 416
"../../../Engine/Plugins/Runtime/OpenXR/Content/Devices/GoogleDaydream/MI_GoogleDaydream.uasset" 417
"../../../Engine/Plugins/Runtime/OpenXR/Content/Devices/GoogleDaydream/MI_GoogleDaydream.uexp" 418
"../../../Engine/Plugins/Runtime/OpenXR/Content/Devices/GoogleDaydream/GoogleDaydreamController.uasset" 419
"../../../Engine/Plugins/Runtime/OpenXR/Content/Devices/GoogleDaydream/GoogleDaydreamController.uexp" 420
"../../../Engine/Plugins/Runtime/OpenXR/Content/Devices/HTCVive/BaseTexture.uasset" 421
"../../../Engine/Plugins/Runtime/OpenXR/Content/Devices/HTCVive/BaseTexture.uexp" 422
"../../../Engine/Plugins/Runtime/OpenXR/Content/Devices/HTCVive/BaseTexture.ubulk" 423
"../../../Engine/Plugins/Runtime/OpenXR/Content/Devices/HTCVive/MI_HTCVive.uasset" 424
"../../../Engine/Plugins/Runtime/OpenXR/Content/Devices/HTCVive/MI_HTCVive.uexp" 425
"../../../Engine/Plugins/Runtime/OpenXR/Content/Devices/HTCVive/HTCViveController.uasset" 426
"../../../Engine/Plugins/Runtime/OpenXR/Content/Devices/HTCVive/HTCViveController.uexp" 427
"../../../Engine/Plugins/Runtime/OpenXR/Content/Devices/MicrosoftMixedReality/NormalTexture.uasset" 428
"../../../Engine/Plugins/Runtime/OpenXR/Content/Devices/MicrosoftMixedReality/NormalTexture.uexp" 429
"../../../Engine/Plugins/Runtime/OpenXR/Content/Devices/MicrosoftMixedReality/NormalTexture.ubulk" 430
"../../../Engine/Plugins/Runtime/OpenXR/Content/Devices/MicrosoftMixedReality/MRTexture.uasset" 431
"../../../Engine/Plugins/Runtime/OpenXR/Content/Devices/MicrosoftMixedReality/MRTexture.uexp" 432
"../../../Engine/Plugins/Runtime/OpenXR/Content/Devices/MicrosoftMixedReality/MRTexture.ubulk" 433
"../../../Engine/Plugins/Runtime/OpenXR/Content/Devices/MicrosoftMixedReality/EmissiveTexture.uasset" 434
"../../../Engine/Plugins/Runtime/OpenXR/Content/Devices/MicrosoftMixedReality/EmissiveTexture.uexp" 435
"../../../Engine/Plugins/Runtime/OpenXR/Content/Devices/MicrosoftMixedReality/EmissiveTexture.ubulk" 436
"../../../Engine/Plugins/Runtime/OpenXR/Content/Devices/MicrosoftMixedReality/BaseTexture.uasset" 437
"../../../Engine/Plugins/Runtime/OpenXR/Content/Devices/MicrosoftMixedReality/BaseTexture.uexp" 438
"../../../Engine/Plugins/Runtime/OpenXR/Content/Devices/MicrosoftMixedReality/BaseTexture.ubulk" 439
"../../../Engine/Plugins/Runtime/OpenXR/Content/Devices/MicrosoftMixedReality/MI_MicrosoftMixedReality.uasset" 440
"../../../Engine/Plugins/Runtime/OpenXR/Content/Devices/MicrosoftMixedReality/MI_MicrosoftMixedReality.uexp" 441
"../../../Engine/Plugins/Runtime/OpenXR/Content/Devices/MicrosoftMixedReality/Left/left_MicrosoftMixedRealityController.uasset" 442
"../../../Engine/Plugins/Runtime/OpenXR/Content/Devices/MicrosoftMixedReality/Left/left_MicrosoftMixedRealityController.uexp" 443
"../../../Engine/Plugins/Runtime/OpenXR/Content/Devices/MicrosoftMixedReality/Right/right_MicrosoftMixedRealityController.uasset" 444
"../../../Engine/Plugins/Runtime/OpenXR/Content/Devices/MicrosoftMixedReality/Right/right_MicrosoftMixedRealityController.uexp" 445
"../../../Engine/Plugins/Runtime/OpenXR/Content/Devices/OculusGo/BaseTexture.uasset" 446
"../../../Engine/Plugins/Runtime/OpenXR/Content/Devices/OculusGo/BaseTexture.uexp" 447
"../../../Engine/Plugins/Runtime/OpenXR/Content/Devices/OculusGo/BaseTexture.ubulk" 448
"../../../Engine/Plugins/Runtime/OpenXR/Content/Devices/OculusGo/MI_OculusGo.uasset" 449
"../../../Engine/Plugins/Runtime/OpenXR/Content/Devices/OculusGo/MI_OculusGo.uexp" 450
"../../../Engine/Plugins/Runtime/OpenXR/Content/Devices/OculusGo/OculusGoController.uasset" 451
"../../../Engine/Plugins/Runtime/OpenXR/Content/Devices/OculusGo/OculusGoController.uexp" 452
"../../../Engine/Plugins/Runtime/OpenXR/Content/Devices/OculusTouch/MRTexture.uasset" 453
"../../../Engine/Plugins/Runtime/OpenXR/Content/Devices/OculusTouch/MRTexture.uexp" 454
"../../../Engine/Plugins/Runtime/OpenXR/Content/Devices/OculusTouch/MRTexture.ubulk" 455
"../../../Engine/Plugins/Runtime/OpenXR/Content/Devices/OculusTouch/BaseTexture.uasset" 456
"../../../Engine/Plugins/Runtime/OpenXR/Content/Devices/OculusTouch/BaseTexture.uexp" 457
"../../../Engine/Plugins/Runtime/OpenXR/Content/Devices/OculusTouch/BaseTexture.ubulk" 458
"../../../Engine/Plugins/Runtime/OpenXR/Content/Devices/OculusTouch/MI_OculusTouch.uasset" 459
"../../../Engine/Plugins/Runtime/OpenXR/Content/Devices/OculusTouch/MI_OculusTouch.uexp" 460
"../../../Engine/Plugins/Runtime/OpenXR/Content/Devices/OculusTouch/Left/left_OculusTouchController.uasset" 461
"../../../Engine/Plugins/Runtime/OpenXR/Content/Devices/OculusTouch/Left/left_OculusTouchController.uexp" 462
"../../../Engine/Plugins/Runtime/OpenXR/Content/Devices/OculusTouch/Right/right_OculusTouchController.uasset" 463
"../../../Engine/Plugins/Runtime/OpenXR/Content/Devices/OculusTouch/Right/right_OculusTouchController.uexp" 464
"../../../Engine/Plugins/Runtime/OpenXR/Content/Devices/OculusTouch_v2/MRTexture.uasset" 465
"../../../Engine/Plugins/Runtime/OpenXR/Content/Devices/OculusTouch_v2/MRTexture.uexp" 466
"../../../Engine/Plugins/Runtime/OpenXR/Content/Devices/OculusTouch_v2/MRTexture.ubulk" 467
"../../../Engine/Plugins/Runtime/OpenXR/Content/Devices/OculusTouch_v2/BaseTexture.uasset" 468
"../../../Engine/Plugins/Runtime/OpenXR/Content/Devices/OculusTouch_v2/BaseTexture.uexp" 469
"../../../Engine/Plugins/Runtime/OpenXR/Content/Devices/OculusTouch_v2/BaseTexture.ubulk" 470
"../../../Engine/Plugins/Runtime/OpenXR/Content/Devices/OculusTouch_v2/MI_OculusTouch_v2.uasset" 471
"../../../Engine/Plugins/Runtime/OpenXR/Content/Devices/OculusTouch_v2/MI_OculusTouch_v2.uexp" 472
"../../../Engine/Plugins/Runtime/OpenXR/Content/Devices/OculusTouch_v2/Left/left_OculusTouch_v2Controller.uasset" 473
"../../../Engine/Plugins/Runtime/OpenXR/Content/Devices/OculusTouch_v2/Left/left_OculusTouch_v2Controller.uexp" 474
"../../../Engine/Plugins/Runtime/OpenXR/Content/Devices/OculusTouch_v2/Right/right_OculusTouch_v2Controller.uasset" 475
"../../../Engine/Plugins/Runtime/OpenXR/Content/Devices/OculusTouch_v2/Right/right_OculusTouch_v2Controller.uexp" 476
"../../../Engine/Plugins/Runtime/OpenXR/Content/Devices/OculusTouch_v3/MRTexture.uasset" 477
"../../../Engine/Plugins/Runtime/OpenXR/Content/Devices/OculusTouch_v3/MRTexture.uexp" 478
"../../../Engine/Plugins/Runtime/OpenXR/Content/Devices/OculusTouch_v3/MRTexture.ubulk" 479
"../../../Engine/Plugins/Runtime/OpenXR/Content/Devices/OculusTouch_v3/BaseTexture.uasset" 480
"../../../Engine/Plugins/Runtime/OpenXR/Content/Devices/OculusTouch_v3/BaseTexture.uexp" 481
"../../../Engine/Plugins/Runtime/OpenXR/Content/Devices/OculusTouch_v3/BaseTexture.ubulk" 482
"../../../Engine/Plugins/Runtime/OpenXR/Content/Devices/OculusTouch_v3/MI_OculusTouch_v3.uasset" 483
"../../../Engine/Plugins/Runtime/OpenXR/Content/Devices/OculusTouch_v3/MI_OculusTouch_v3.uexp" 484
"../../../Engine/Plugins/Runtime/OpenXR/Content/Devices/OculusTouch_v3/Left/left_OculusTouch_v3Controller.uasset" 485
"../../../Engine/Plugins/Runtime/OpenXR/Content/Devices/OculusTouch_v3/Left/left_OculusTouch_v3Controller.uexp" 486
"../../../Engine/Plugins/Runtime/OpenXR/Content/Devices/OculusTouch_v3/Right/right_OculusTouch_v3Controller.uasset" 487
"../../../Engine/Plugins/Runtime/OpenXR/Content/Devices/OculusTouch_v3/Right/right_OculusTouch_v3Controller.uexp" 488
"../../../Engine/Plugins/Runtime/OpenXR/Content/Devices/ValveIndex/MRTexture.uasset" 489
"../../../Engine/Plugins/Runtime/OpenXR/Content/Devices/ValveIndex/MRTexture.uexp" 490
"../../../Engine/Plugins/Runtime/OpenXR/Content/Devices/ValveIndex/MRTexture.ubulk" 491
"../../../Engine/Plugins/Runtime/OpenXR/Content/Devices/ValveIndex/BaseTexture.uasset" 492
"../../../Engine/Plugins/Runtime/OpenXR/Content/Devices/ValveIndex/BaseTexture.uexp" 493
"../../../Engine/Plugins/Runtime/OpenXR/Content/Devices/ValveIndex/BaseTexture.ubulk" 494
"../../../Engine/Plugins/Runtime/OpenXR/Content/Devices/ValveIndex/Left/MI_left_ValveIndex.uasset" 495
"../../../Engine/Plugins/Runtime/OpenXR/Content/Devices/ValveIndex/Left/MI_left_ValveIndex.uexp" 496
"../../../Engine/Plugins/Runtime/OpenXR/Content/Devices/ValveIndex/Left/left_ValveIndexController.uasset" 497
"../../../Engine/Plugins/Runtime/OpenXR/Content/Devices/ValveIndex/Left/left_ValveIndexController.uexp" 498
"../../../Engine/Plugins/Runtime/OpenXR/Content/Devices/ValveIndex/Right/MI_right_ValveIndex.uasset" 499
"../../../Engine/Plugins/Runtime/OpenXR/Content/Devices/ValveIndex/Right/MI_right_ValveIndex.uexp" 500
"../../../Engine/Plugins/Runtime/OpenXR/Content/Devices/ValveIndex/Right/right_ValveIndexController.uasset" 501
"../../../Engine/Plugins/Runtime/OpenXR/Content/Devices/ValveIndex/Right/right_ValveIndexController.uexp" 502
"../../../Engine/Content/Functions/Engine_MaterialFunctions02/Utility/BreakOutFloat4Components.uasset" 503
"../../../Engine/Content/Functions/Engine_MaterialFunctions02/Utility/BreakOutFloat4Components.uexp" 504
"../../../Engine/Content/Functions/Engine_MaterialFunctions02/Utility/MakeFloat3.uasset" 505
"../../../Engine/Content/Functions/Engine_MaterialFunctions02/Utility/MakeFloat3.uexp" 506
"../../../Engine/Plugins/Runtime/Oculus/OculusVR/Content/Materials/OculusMR_ChromaKey.uasset" 507
"../../../Engine/Plugins/Runtime/Oculus/OculusVR/Content/Materials/OculusMR_ChromaKey.uexp" 508
"../../../Engine/Plugins/Runtime/Oculus/OculusVR/Content/Materials/OculusMR_OpaqueColoredMaterial.uasset" 509
"../../../Engine/Plugins/Runtime/Oculus/OculusVR/Content/Materials/OculusMR_OpaqueColoredMaterial.uexp" 510
"../../../Engine/Plugins/Runtime/Oculus/OculusVR/Content/Materials/PokeAHoleMaterial.uasset" 511
"../../../Engine/Plugins/Runtime/Oculus/OculusVR/Content/Materials/PokeAHoleMaterial.uexp" 512
"../../../Engine/Plugins/Runtime/Oculus/OculusVR/Content/Textures/touchController_controlmap.uasset" 513
"../../../Engine/Plugins/Runtime/Oculus/OculusVR/Content/Textures/touchController_controlmap.uexp" 514
"../../../Engine/Plugins/Runtime/Oculus/OculusVR/Content/Textures/touchController_controlmap.ubulk" 515
"../../../Engine/Plugins/Runtime/Oculus/OculusVR/Content/Textures/touchController_albedo.uasset" 516
"../../../Engine/Plugins/Runtime/Oculus/OculusVR/Content/Textures/touchController_albedo.uexp" 517
"../../../Engine/Plugins/Runtime/Oculus/OculusVR/Content/Textures/touchController_albedo.ubulk" 518
"../../../Engine/Plugins/Runtime/Oculus/OculusVR/Content/Materials/touchController_mat.uasset" 519
"../../../Engine/Plugins/Runtime/Oculus/OculusVR/Content/Materials/touchController_mat.uexp" 520
"../../../Engine/Plugins/Runtime/Oculus/OculusVR/Content/Meshes/LeftTouchController.uasset" 521
"../../../Engine/Plugins/Runtime/Oculus/OculusVR/Content/Meshes/LeftTouchController.uexp" 522
"../../../Engine/Plugins/Runtime/Oculus/OculusVR/Content/Textures/TouchForQuestRiftSController_albedo.uasset" 523
"../../../Engine/Plugins/Runtime/Oculus/OculusVR/Content/Textures/TouchForQuestRiftSController_albedo.uexp" 524
"../../../Engine/Plugins/Runtime/Oculus/OculusVR/Content/Textures/TouchForQuestRiftSController_albedo.ubulk" 525
"../../../Engine/Plugins/Runtime/Oculus/OculusVR/Content/Materials/TouchForQuestRiftSControllerMaterial.uasset" 526
"../../../Engine/Plugins/Runtime/Oculus/OculusVR/Content/Materials/TouchForQuestRiftSControllerMaterial.uexp" 527
"../../../Engine/Plugins/Runtime/Oculus/OculusVR/Content/Meshes/LeftTouchForQuestRiftSController.uasset" 528
"../../../Engine/Plugins/Runtime/Oculus/OculusVR/Content/Meshes/LeftTouchForQuestRiftSController.uexp" 529
"../../../Engine/Plugins/Runtime/Oculus/OculusVR/Content/Meshes/RiftHMD.uasset" 530
"../../../Engine/Plugins/Runtime/Oculus/OculusVR/Content/Meshes/RiftHMD.uexp" 531
"../../../Engine/Plugins/Runtime/Oculus/OculusVR/Content/Meshes/RightTouchController.uasset" 532
"../../../Engine/Plugins/Runtime/Oculus/OculusVR/Content/Meshes/RightTouchController.uexp" 533
"../../../Engine/Plugins/Runtime/Oculus/OculusVR/Content/Meshes/RightTouchForQuestRiftSController.uasset" 534
"../../../Engine/Plugins/Runtime/Oculus/OculusVR/Content/Meshes/RightTouchForQuestRiftSController.uexp" 535
"E:/GitHub/HPDice/Content/_StarterContent/StarterContent/Materials/M_Basic_Wall.uasset" 536
"E:/GitHub/HPDice/Content/_StarterContent/StarterContent/Materials/M_Basic_Wall.uexp" 537
"E:/GitHub/HPDice/Content/_StarterContent/StarterContent/Architecture/Wall_400x400.uasset" 538
"E:/GitHub/HPDice/Content/_StarterContent/StarterContent/Architecture/Wall_400x400.uexp" 539
"E:/GitHub/HPDice/Content/_StarterContent/StarterContent/Materials/M_Basic_Floor.uasset" 540
"E:/GitHub/HPDice/Content/_StarterContent/StarterContent/Materials/M_Basic_Floor.uexp" 541
"E:/GitHub/HPDice/Content/_StarterContent/StarterContent/Architecture/Floor_400x400.uasset" 542
"E:/GitHub/HPDice/Content/_StarterContent/StarterContent/Architecture/Floor_400x400.uexp" 543
"E:/GitHub/HPDice/Content/_StarterContent/StarterContent/Textures/T_Rock_Marble_Polished_D.uasset" 544
"E:/GitHub/HPDice/Content/_StarterContent/StarterContent/Textures/T_Rock_Marble_Polished_D.uexp" 545
"E:/GitHub/HPDice/Content/_StarterContent/StarterContent/Textures/T_Rock_Marble_Polished_D.ubulk" 546
"E:/GitHub/HPDice/Content/_StarterContent/StarterContent/Textures/T_Ceramic_Tile_N.uasset" 547
"E:/GitHub/HPDice/Content/_StarterContent/StarterContent/Textures/T_Ceramic_Tile_N.uexp" 548
"E:/GitHub/HPDice/Content/_StarterContent/StarterContent/Textures/T_Ceramic_Tile_N.ubulk" 549
"E:/GitHub/HPDice/Content/_StarterContent/StarterContent/Textures/T_Ceramic_Tile_M.uasset" 550
"E:/GitHub/HPDice/Content/_StarterContent/StarterContent/Textures/T_Ceramic_Tile_M.uexp" 551
"E:/GitHub/HPDice/Content/_StarterContent/StarterContent/Textures/T_Ceramic_Tile_M.ubulk" 552
"E:/GitHub/HPDice/Content/_StarterContent/StarterContent/Textures/T_Perlin_Noise_M.uasset" 553
"E:/GitHub/HPDice/Content/_StarterContent/StarterContent/Textures/T_Perlin_Noise_M.uexp" 554
"E:/GitHub/HPDice/Content/_StarterContent/StarterContent/Textures/T_Perlin_Noise_M.ubulk" 555
"E:/GitHub/HPDice/Content/_StarterContent/StarterContent/Materials/M_Ceramic_Tile_Checker.uasset" 556
"E:/GitHub/HPDice/Content/_StarterContent/StarterContent/Materials/M_Ceramic_Tile_Checker.uexp" 557
"E:/GitHub/HPDice/Content/_MainProject/Levels/_DevRoom_BuiltData.uasset" 558
"E:/GitHub/HPDice/Content/_MainProject/Levels/_DevRoom_BuiltData.uexp" 559
"E:/GitHub/HPDice/Content/_MainProject/Levels/_DevRoom_BuiltData.ubulk" 560
"E:/GitHub/HPDice/Content/_MainProject/Blueprints/Widgets/Debug/Showcase/AdvancedDamageShowcase/Combination2.uasset" 561
"E:/GitHub/HPDice/Content/_MainProject/Blueprints/Widgets/Debug/Showcase/AdvancedDamageShowcase/Combination2.uexp" 562
"E:/GitHub/HPDice/Content/_MainProject/Blueprints/Widgets/Debug/Showcase/AdvancedDamageShowcase/Combination1.uasset" 563
"E:/GitHub/HPDice/Content/_MainProject/Blueprints/Widgets/Debug/Showcase/AdvancedDamageShowcase/Combination1.uexp" 564
"E:/GitHub/HPDice/Content/_MainProject/Textures/Placeholders/DiceSprites/k8frontWHITE.uasset" 565
"E:/GitHub/HPDice/Content/_MainProject/Textures/Placeholders/DiceSprites/k8frontWHITE.uexp" 566
"E:/GitHub/HPDice/Content/_MainProject/Textures/Placeholders/DiceSprites/k8front.uasset" 567
"E:/GitHub/HPDice/Content/_MainProject/Textures/Placeholders/DiceSprites/k8front.uexp" 568
"E:/GitHub/HPDice/Content/_MainProject/Textures/Placeholders/DiceSprites/k6frontWHITE.uasset" 569
"E:/GitHub/HPDice/Content/_MainProject/Textures/Placeholders/DiceSprites/k6frontWHITE.uexp" 570
"E:/GitHub/HPDice/Content/_MainProject/Textures/Placeholders/DiceSprites/k6front.uasset" 571
"E:/GitHub/HPDice/Content/_MainProject/Textures/Placeholders/DiceSprites/k6front.uexp" 572
"E:/GitHub/HPDice/Content/_MainProject/Textures/Placeholders/DiceSprites/k4frontWHITE.uasset" 573
"E:/GitHub/HPDice/Content/_MainProject/Textures/Placeholders/DiceSprites/k4frontWHITE.uexp" 574
"E:/GitHub/HPDice/Content/_MainProject/Textures/Placeholders/DiceSprites/k4front.uasset" 575
"E:/GitHub/HPDice/Content/_MainProject/Textures/Placeholders/DiceSprites/k4front.uexp" 576
"E:/GitHub/HPDice/Content/_MainProject/Textures/Placeholders/DiceSprites/k20front.uasset" 577
"E:/GitHub/HPDice/Content/_MainProject/Textures/Placeholders/DiceSprites/k20front.uexp" 578
"E:/GitHub/HPDice/Content/_MainProject/Textures/Placeholders/DiceSprites/k12frontWHITE.uasset" 579
"E:/GitHub/HPDice/Content/_MainProject/Textures/Placeholders/DiceSprites/k12frontWHITE.uexp" 580
"E:/GitHub/HPDice/Content/_MainProject/Textures/Placeholders/DiceSprites/k12front.uasset" 581
"E:/GitHub/HPDice/Content/_MainProject/Textures/Placeholders/DiceSprites/k12front.uexp" 582
"E:/GitHub/HPDice/Content/_MainProject/Textures/Placeholders/DiceSprites/k10frontWHITE.uasset" 583
"E:/GitHub/HPDice/Content/_MainProject/Textures/Placeholders/DiceSprites/k10frontWHITE.uexp" 584
"E:/GitHub/HPDice/Content/_MainProject/Textures/Placeholders/DiceSprites/k10front.uasset" 585
"E:/GitHub/HPDice/Content/_MainProject/Textures/Placeholders/DiceSprites/k10front.uexp" 586
"E:/GitHub/HPDice/Content/ProIconPack/Textures/Base_Icons/Hexagon/256x256/T_Hexa_Mask90_256x256.uasset" 587
"E:/GitHub/HPDice/Content/ProIconPack/Textures/Base_Icons/Hexagon/256x256/T_Hexa_Mask90_256x256.uexp" 588
"E:/GitHub/HPDice/Content/ProIconPack/Textures/Base_Icons/Hexagon/256x256/T_Hexa_Mask90_256x256.ubulk" 589
"E:/GitHub/HPDice/Content/_MainProject/Blueprints/Widgets/Dice/DragDiceVisual.uasset" 590
"E:/GitHub/HPDice/Content/_MainProject/Blueprints/Widgets/Dice/DragDiceVisual.uexp" 591
"E:/GitHub/HPDice/Content/_MainProject/Blueprints/Widgets/Dice/DiceWalls/DiceWallsBase.uasset" 592
"E:/GitHub/HPDice/Content/_MainProject/Blueprints/Widgets/Dice/DiceWalls/DiceWallsBase.uexp" 593
"E:/GitHub/HPDice/Content/_MainProject/Textures/Placeholders/DiceWalls/TriangleWallBroken.uasset" 594
"E:/GitHub/HPDice/Content/_MainProject/Textures/Placeholders/DiceWalls/TriangleWallBroken.uexp" 595
"E:/GitHub/HPDice/Content/_MainProject/Textures/Placeholders/DiceWalls/TriangleWall.uasset" 596
"E:/GitHub/HPDice/Content/_MainProject/Textures/Placeholders/DiceWalls/TriangleWall.uexp" 597
"E:/GitHub/HPDice/Content/_MainProject/Blueprints/Widgets/Dice/DiceWalls/D8Walls.uasset" 598
"E:/GitHub/HPDice/Content/_MainProject/Blueprints/Widgets/Dice/DiceWalls/D8Walls.uexp" 599
"E:/GitHub/HPDice/Content/_MainProject/Textures/Placeholders/DiceWalls/SquareWallBroken126x126.uasset" 600
"E:/GitHub/HPDice/Content/_MainProject/Textures/Placeholders/DiceWalls/SquareWallBroken126x126.uexp" 601
"E:/GitHub/HPDice/Content/_MainProject/Textures/Placeholders/DiceWalls/SquareWall126x126.uasset" 602
"E:/GitHub/HPDice/Content/_MainProject/Textures/Placeholders/DiceWalls/SquareWall126x126.uexp" 603
"E:/GitHub/HPDice/Content/_MainProject/Blueprints/Widgets/Dice/DiceWalls/D6Walls.uasset" 604
"E:/GitHub/HPDice/Content/_MainProject/Blueprints/Widgets/Dice/DiceWalls/D6Walls.uexp" 605
"E:/GitHub/HPDice/Content/_MainProject/Blueprints/Widgets/Dice/DiceWalls/D4Walls.uasset" 606
"E:/GitHub/HPDice/Content/_MainProject/Blueprints/Widgets/Dice/DiceWalls/D4Walls.uexp" 607
"E:/GitHub/HPDice/Content/_MainProject/Blueprints/Widgets/Dice/DiceWalls/D20Walls.uasset" 608
"E:/GitHub/HPDice/Content/_MainProject/Blueprints/Widgets/Dice/DiceWalls/D20Walls.uexp" 609
"E:/GitHub/HPDice/Content/_MainProject/Textures/Placeholders/DiceWalls/PentaWallBroken131x125.uasset" 610
"E:/GitHub/HPDice/Content/_MainProject/Textures/Placeholders/DiceWalls/PentaWallBroken131x125.uexp" 611
"E:/GitHub/HPDice/Content/_MainProject/Textures/Placeholders/DiceWalls/PentaWall131x125.uasset" 612
"E:/GitHub/HPDice/Content/_MainProject/Textures/Placeholders/DiceWalls/PentaWall131x125.uexp" 613
"E:/GitHub/HPDice/Content/_MainProject/Blueprints/Widgets/Dice/DiceWalls/D12Walls.uasset" 614
"E:/GitHub/HPDice/Content/_MainProject/Blueprints/Widgets/Dice/DiceWalls/D12Walls.uexp" 615
"E:/GitHub/HPDice/Content/_MainProject/Textures/Placeholders/DiceWalls/TetraWallBroken163x203.uasset" 616
"E:/GitHub/HPDice/Content/_MainProject/Textures/Placeholders/DiceWalls/TetraWallBroken163x203.uexp" 617
"E:/GitHub/HPDice/Content/_MainProject/Textures/Placeholders/DiceWalls/TetraWall163x203.uasset" 618
"E:/GitHub/HPDice/Content/_MainProject/Textures/Placeholders/DiceWalls/TetraWall163x203.uexp" 619
"E:/GitHub/HPDice/Content/_MainProject/Blueprints/Widgets/Dice/DiceWalls/D10Walls.uasset" 620
"E:/GitHub/HPDice/Content/_MainProject/Blueprints/Widgets/Dice/DiceWalls/D10Walls.uexp" 621
"E:/GitHub/HPDice/Content/_MainProject/Blueprints/Enumerations/Dice/EnumDice.uasset" 622
"E:/GitHub/HPDice/Content/_MainProject/Blueprints/Enumerations/Dice/EnumDice.uexp" 623
"E:/GitHub/HPDice/Content/_MainProject/Blueprints/GameModes/RunInfo_GameInstance.uasset" 624
"E:/GitHub/HPDice/Content/_MainProject/Blueprints/GameModes/RunInfo_GameInstance.uexp" 625
"E:/GitHub/HPDice/Content/ProIconPack/Textures/Controller_Icons/T_RMB_256x256.uasset" 626
"E:/GitHub/HPDice/Content/ProIconPack/Textures/Controller_Icons/T_RMB_256x256.uexp" 627
"E:/GitHub/HPDice/Content/ProIconPack/UI/Enums/E_Sizes.uasset" 628
"E:/GitHub/HPDice/Content/ProIconPack/UI/Enums/E_Sizes.uexp" 629
"E:/GitHub/HPDice/Content/ProIconPack/UI/Enums/E_IconBaseTypes.uasset" 630
"E:/GitHub/HPDice/Content/ProIconPack/UI/Enums/E_IconBaseTypes.uexp" 631
"E:/GitHub/HPDice/Content/ProIconPack/UI/Enums/E_GlassMaskTypes.uasset" 632
"E:/GitHub/HPDice/Content/ProIconPack/UI/Enums/E_GlassMaskTypes.uexp" 633
"../../../Engine/Content/EngineFonts/Faces/RobotoRegular.uasset" 634
"../../../Engine/Content/EngineFonts/Faces/RobotoRegular.uexp" 635
"../../../Engine/Content/EngineFonts/Faces/RobotoRegular.ufont" 636
"../../../Engine/Content/EngineFonts/Faces/RobotoLight.uasset" 637
"../../../Engine/Content/EngineFonts/Faces/RobotoLight.uexp" 638
"../../../Engine/Content/EngineFonts/Faces/RobotoLight.ufont" 639
"../../../Engine/Content/EngineFonts/Faces/RobotoItalic.uasset" 640
"../../../Engine/Content/EngineFonts/Faces/RobotoItalic.uexp" 641
"../../../Engine/Content/EngineFonts/Faces/RobotoItalic.ufont" 642
"../../../Engine/Content/EngineFonts/Faces/RobotoBoldItalic.uasset" 643
"../../../Engine/Content/EngineFonts/Faces/RobotoBoldItalic.uexp" 644
"../../../Engine/Content/EngineFonts/Faces/RobotoBoldItalic.ufont" 645
"../../../Engine/Content/EngineFonts/Faces/RobotoBold.uasset" 646
"../../../Engine/Content/EngineFonts/Faces/RobotoBold.uexp" 647
"../../../Engine/Content/EngineFonts/Faces/RobotoBold.ufont" 648
"../../../Engine/Content/EngineFonts/Faces/DroidSansFallback.uasset" 649
"../../../Engine/Content/EngineFonts/Faces/DroidSansFallback.uexp" 650
"../../../Engine/Content/EngineFonts/Faces/DroidSansFallback.ufont" 651
"../../../Engine/Content/EngineFonts/Roboto.uasset" 652
"../../../Engine/Content/EngineFonts/Roboto.uexp" 653
"E:/GitHub/HPDice/Content/ProIconPack/Textures/Generic_Icons/64x64/T_ExclamationMark_64x64.uasset" 654
"E:/GitHub/HPDice/Content/ProIconPack/Textures/Generic_Icons/64x64/T_ExclamationMark_64x64.uexp" 655
"E:/GitHub/HPDice/Content/ProIconPack/Textures/Base_Icons/Square/64x64/T_Square_Outline2_64x64.uasset" 656
"E:/GitHub/HPDice/Content/ProIconPack/Textures/Base_Icons/Square/64x64/T_Square_Outline2_64x64.uexp" 657
"E:/GitHub/HPDice/Content/ProIconPack/Textures/Base_Icons/Square/64x64/T_Square_Outline1_64x64.uasset" 658
"E:/GitHub/HPDice/Content/ProIconPack/Textures/Base_Icons/Square/64x64/T_Square_Outline1_64x64.uexp" 659
"E:/GitHub/HPDice/Content/ProIconPack/Textures/Base_Icons/Square/64x64/T_Square_Mask1_64x64.uasset" 660
"E:/GitHub/HPDice/Content/ProIconPack/Textures/Base_Icons/Square/64x64/T_Square_Mask1_64x64.uexp" 661
"E:/GitHub/HPDice/Content/ProIconPack/Textures/Base_Icons/Square/64x64/T_Square_Glass2_64x64.uasset" 662
"E:/GitHub/HPDice/Content/ProIconPack/Textures/Base_Icons/Square/64x64/T_Square_Glass2_64x64.uexp" 663
"E:/GitHub/HPDice/Content/ProIconPack/Textures/Base_Icons/Square/64x64/T_Square_Glass1_64x64.uasset" 664
"E:/GitHub/HPDice/Content/ProIconPack/Textures/Base_Icons/Square/64x64/T_Square_Glass1_64x64.uexp" 665
"E:/GitHub/HPDice/Content/ProIconPack/Textures/Base_Icons/Square/64x64/T_Square_Base_64x64.uasset" 666
"E:/GitHub/HPDice/Content/ProIconPack/Textures/Base_Icons/Square/64x64/T_Square_Base_64x64.uexp" 667
"E:/GitHub/HPDice/Content/ProIconPack/Textures/Base_Icons/Square/256x256/T_Square_Outline2_256x256.uasset" 668
"E:/GitHub/HPDice/Content/ProIconPack/Textures/Base_Icons/Square/256x256/T_Square_Outline2_256x256.uexp" 669
"E:/GitHub/HPDice/Content/ProIconPack/Textures/Base_Icons/Square/256x256/T_Square_Outline1_256x256.uasset" 670
"E:/GitHub/HPDice/Content/ProIconPack/Textures/Base_Icons/Square/256x256/T_Square_Outline1_256x256.uexp" 671
"E:/GitHub/HPDice/Content/ProIconPack/Textures/Base_Icons/Square/256x256/T_Square_Mask1_256x256.uasset" 672
"E:/GitHub/HPDice/Content/ProIconPack/Textures/Base_Icons/Square/256x256/T_Square_Mask1_256x256.uexp" 673
"E:/GitHub/HPDice/Content/ProIconPack/Textures/Base_Icons/Square/256x256/T_Square_Glass2_256x256.uasset" 674
"E:/GitHub/HPDice/Content/ProIconPack/Textures/Base_Icons/Square/256x256/T_Square_Glass2_256x256.uexp" 675
"E:/GitHub/HPDice/Content/ProIconPack/Textures/Base_Icons/Square/256x256/T_Square_Glass1_256x256.uasset" 676
"E:/GitHub/HPDice/Content/ProIconPack/Textures/Base_Icons/Square/256x256/T_Square_Glass1_256x256.uexp" 677
"E:/GitHub/HPDice/Content/ProIconPack/Textures/Base_Icons/Hexagon/64x64/T_Hexa_Outline2_64x64.uasset" 678
"E:/GitHub/HPDice/Content/ProIconPack/Textures/Base_Icons/Hexagon/64x64/T_Hexa_Outline2_64x64.uexp" 679
"E:/GitHub/HPDice/Content/ProIconPack/Textures/Base_Icons/Hexagon/64x64/T_Hexa_Outline1_64x64.uasset" 680
"E:/GitHub/HPDice/Content/ProIconPack/Textures/Base_Icons/Hexagon/64x64/T_Hexa_Outline1_64x64.uexp" 681
"E:/GitHub/HPDice/Content/ProIconPack/Textures/Base_Icons/Hexagon/64x64/T_Hexa_Mask1_64x64.uasset" 682
"E:/GitHub/HPDice/Content/ProIconPack/Textures/Base_Icons/Hexagon/64x64/T_Hexa_Mask1_64x64.uexp" 683
"E:/GitHub/HPDice/Content/ProIconPack/Textures/Base_Icons/Hexagon/64x64/T_Hexa_Glass2_64x64.uasset" 684
"E:/GitHub/HPDice/Content/ProIconPack/Textures/Base_Icons/Hexagon/64x64/T_Hexa_Glass2_64x64.uexp" 685
"E:/GitHub/HPDice/Content/ProIconPack/Textures/Base_Icons/Hexagon/64x64/T_Hexa_Glass1_64x64.uasset" 686
"E:/GitHub/HPDice/Content/ProIconPack/Textures/Base_Icons/Hexagon/64x64/T_Hexa_Glass1_64x64.uexp" 687
"E:/GitHub/HPDice/Content/ProIconPack/Textures/Base_Icons/Hexagon/64x64/T_Hexa_Base_64x64.uasset" 688
"E:/GitHub/HPDice/Content/ProIconPack/Textures/Base_Icons/Hexagon/64x64/T_Hexa_Base_64x64.uexp" 689
"E:/GitHub/HPDice/Content/ProIconPack/Textures/Base_Icons/Hexagon/256x256/T_Hexa_Outline2_256x256.uasset" 690
"E:/GitHub/HPDice/Content/ProIconPack/Textures/Base_Icons/Hexagon/256x256/T_Hexa_Outline2_256x256.uexp" 691
"E:/GitHub/HPDice/Content/ProIconPack/Textures/Base_Icons/Hexagon/256x256/T_Hexa_Outline1_256x256.uasset" 692
"E:/GitHub/HPDice/Content/ProIconPack/Textures/Base_Icons/Hexagon/256x256/T_Hexa_Outline1_256x256.uexp" 693
"E:/GitHub/HPDice/Content/ProIconPack/Textures/Base_Icons/Hexagon/256x256/T_Hexa_Mask1_256x256.uasset" 694
"E:/GitHub/HPDice/Content/ProIconPack/Textures/Base_Icons/Hexagon/256x256/T_Hexa_Mask1_256x256.uexp" 695
"E:/GitHub/HPDice/Content/ProIconPack/Textures/Base_Icons/Hexagon/256x256/T_Hexa_Glass2_256x256.uasset" 696
"E:/GitHub/HPDice/Content/ProIconPack/Textures/Base_Icons/Hexagon/256x256/T_Hexa_Glass2_256x256.uexp" 697
"E:/GitHub/HPDice/Content/ProIconPack/Textures/Base_Icons/Hexagon/256x256/T_Hexa_Glass1_256x256.uasset" 698
"E:/GitHub/HPDice/Content/ProIconPack/Textures/Base_Icons/Hexagon/256x256/T_Hexa_Glass1_256x256.uexp" 699
"E:/GitHub/HPDice/Content/ProIconPack/Textures/Base_Icons/Ellipse/64x64/T_Ellipse_Outline2_64x64.uasset" 700
"E:/GitHub/HPDice/Content/ProIconPack/Textures/Base_Icons/Ellipse/64x64/T_Ellipse_Outline2_64x64.uexp" 701
"E:/GitHub/HPDice/Content/ProIconPack/Textures/Base_Icons/Ellipse/64x64/T_Ellipse_Outline1_64x64.uasset" 702
"E:/GitHub/HPDice/Content/ProIconPack/Textures/Base_Icons/Ellipse/64x64/T_Ellipse_Outline1_64x64.uexp" 703
"E:/GitHub/HPDice/Content/ProIconPack/Textures/Base_Icons/Ellipse/64x64/T_Ellipse_Mask1_64x64.uasset" 704
"E:/GitHub/HPDice/Content/ProIconPack/Textures/Base_Icons/Ellipse/64x64/T_Ellipse_Mask1_64x64.uexp" 705
"E:/GitHub/HPDice/Content/ProIconPack/Textures/Base_Icons/Ellipse/64x64/T_Ellipse_Glass2_64x64.uasset" 706
"E:/GitHub/HPDice/Content/ProIconPack/Textures/Base_Icons/Ellipse/64x64/T_Ellipse_Glass2_64x64.uexp" 707
"E:/GitHub/HPDice/Content/ProIconPack/Textures/Base_Icons/Ellipse/64x64/T_Ellipse_Glass1_64x64.uasset" 708
"E:/GitHub/HPDice/Content/ProIconPack/Textures/Base_Icons/Ellipse/64x64/T_Ellipse_Glass1_64x64.uexp" 709
"E:/GitHub/HPDice/Content/ProIconPack/Textures/Base_Icons/Ellipse/64x64/T_Ellipse_Base_64x64.uasset" 710
"E:/GitHub/HPDice/Content/ProIconPack/Textures/Base_Icons/Ellipse/64x64/T_Ellipse_Base_64x64.uexp" 711
"E:/GitHub/HPDice/Content/ProIconPack/Textures/Base_Icons/Ellipse/256x256/T_Ellipse_Outline2_256x256.uasset" 712
"E:/GitHub/HPDice/Content/ProIconPack/Textures/Base_Icons/Ellipse/256x256/T_Ellipse_Outline2_256x256.uexp" 713
"E:/GitHub/HPDice/Content/ProIconPack/Textures/Base_Icons/Ellipse/256x256/T_Ellipse_Outline1_256x256.uasset" 714
"E:/GitHub/HPDice/Content/ProIconPack/Textures/Base_Icons/Ellipse/256x256/T_Ellipse_Outline1_256x256.uexp" 715
"E:/GitHub/HPDice/Content/ProIconPack/Textures/Base_Icons/Ellipse/256x256/T_Ellipse_Mask1_256x256.uasset" 716
"E:/GitHub/HPDice/Content/ProIconPack/Textures/Base_Icons/Ellipse/256x256/T_Ellipse_Mask1_256x256.uexp" 717
"E:/GitHub/HPDice/Content/ProIconPack/Textures/Base_Icons/Ellipse/256x256/T_Ellipse_Glass2_256x256.uasset" 718
"E:/GitHub/HPDice/Content/ProIconPack/Textures/Base_Icons/Ellipse/256x256/T_Ellipse_Glass2_256x256.uexp" 719
"E:/GitHub/HPDice/Content/ProIconPack/Textures/Base_Icons/Ellipse/256x256/T_Ellipse_Glass1_256x256.uasset" 720
"E:/GitHub/HPDice/Content/ProIconPack/Textures/Base_Icons/Ellipse/256x256/T_Ellipse_Glass1_256x256.uexp" 721
"E:/GitHub/HPDice/Content/ProIconPack/Textures/Base_Icons/Square/256x256/T_Square_Base_256x256.uasset" 722
"E:/GitHub/HPDice/Content/ProIconPack/Textures/Base_Icons/Square/256x256/T_Square_Base_256x256.uexp" 723
"E:/GitHub/HPDice/Content/ProIconPack/Textures/Base_Icons/Ellipse/256x256/T_Ellipse_Base_256x256.uasset" 724
"E:/GitHub/HPDice/Content/ProIconPack/Textures/Base_Icons/Ellipse/256x256/T_Ellipse_Base_256x256.uexp" 725
"E:/GitHub/HPDice/Content/ProIconPack/Textures/Base_Icons/Hexagon/256x256/T_Hexa_Base_256x256.uasset" 726
"E:/GitHub/HPDice/Content/ProIconPack/Textures/Base_Icons/Hexagon/256x256/T_Hexa_Base_256x256.uexp" 727
"E:/GitHub/HPDice/Content/ProIconPack/UI/WB_Icon_Base.uasset" 728
"E:/GitHub/HPDice/Content/ProIconPack/UI/WB_Icon_Base.uexp" 729
"E:/GitHub/HPDice/Content/_MainProject/Blueprints/Widgets/Dice/DiceDetails.uasset" 730
"E:/GitHub/HPDice/Content/_MainProject/Blueprints/Widgets/Dice/DiceDetails.uexp" 731
"E:/GitHub/HPDice/Content/_MainProject/Textures/Placeholders/DiceSprites/k20frontWHITE.uasset" 732
"E:/GitHub/HPDice/Content/_MainProject/Textures/Placeholders/DiceSprites/k20frontWHITE.uexp" 733
"E:/GitHub/HPDice/Content/_MainProject/Textures/Placeholders/vibrating-shield.uasset" 734
"E:/GitHub/HPDice/Content/_MainProject/Textures/Placeholders/vibrating-shield.uexp" 735
"E:/GitHub/HPDice/Content/_MainProject/Textures/Placeholders/vibrating-shield.ubulk" 736
"E:/GitHub/HPDice/Content/_MainProject/Textures/Placeholders/shoulder-armor.uasset" 737
"E:/GitHub/HPDice/Content/_MainProject/Textures/Placeholders/shoulder-armor.uexp" 738
"E:/GitHub/HPDice/Content/_MainProject/Textures/Placeholders/shoulder-armor.ubulk" 739
"E:/GitHub/HPDice/Content/_MainProject/Blueprints/Enumerations/EnumGamePhase.uasset" 740
"E:/GitHub/HPDice/Content/_MainProject/Blueprints/Enumerations/EnumGamePhase.uexp" 741
"E:/GitHub/HPDice/Content/_MainProject/Blueprints/Enumerations/Dice/EnumStatAssignment.uasset" 742
"E:/GitHub/HPDice/Content/_MainProject/Blueprints/Enumerations/Dice/EnumStatAssignment.uexp" 743
"E:/GitHub/HPDice/Content/_MainProject/Blueprints/Enumerations/Equipment/EnumInventoryAssignment.uasset" 744
"E:/GitHub/HPDice/Content/_MainProject/Blueprints/Enumerations/Equipment/EnumInventoryAssignment.uexp" 745
"E:/GitHub/HPDice/Content/_MainProject/Blueprints/Enumerations/Dice/EnumDiceRestriction.uasset" 746
"E:/GitHub/HPDice/Content/_MainProject/Blueprints/Enumerations/Dice/EnumDiceRestriction.uexp" 747
"E:/GitHub/HPDice/Content/_MainProject/Blueprints/DataTables/ObjectSizes.uasset" 748
"E:/GitHub/HPDice/Content/_MainProject/Blueprints/DataTables/ObjectSizes.uexp" 749
"E:/GitHub/HPDice/Content/_MainProject/Blueprints/DataTables/ObjectSizesAsset.uasset" 750
"E:/GitHub/HPDice/Content/_MainProject/Blueprints/DataTables/ObjectSizesAsset.uexp" 751
"E:/GitHub/HPDice/Content/_MainProject/Textures/Placeholders/sands-of-time.uasset" 752
"E:/GitHub/HPDice/Content/_MainProject/Textures/Placeholders/sands-of-time.uexp" 753
"E:/GitHub/HPDice/Content/_MainProject/Textures/Placeholders/sands-of-time.ubulk" 754
"E:/GitHub/HPDice/Content/_MainProject/Blueprints/Enumerations/Equipment/EnumEquipmentSubtype.uasset" 755
"E:/GitHub/HPDice/Content/_MainProject/Blueprints/Enumerations/Equipment/EnumEquipmentSubtype.uexp" 756
"E:/GitHub/HPDice/Content/_MainProject/Blueprints/Enumerations/Equipment/EnumEquipment.uasset" 757
"E:/GitHub/HPDice/Content/_MainProject/Blueprints/Enumerations/Equipment/EnumEquipment.uexp" 758
"E:/GitHub/HPDice/Content/ProIconPack/Textures/Generic_Icons/256x256/T_QuestionMark_256x256.uasset" 759
"E:/GitHub/HPDice/Content/ProIconPack/Textures/Generic_Icons/256x256/T_QuestionMark_256x256.uexp" 760
"E:/GitHub/HPDice/Content/_MainProject/Blueprints/Structures/StructEquipment.uasset" 761
"E:/GitHub/HPDice/Content/_MainProject/Blueprints/Structures/StructEquipment.uexp" 762
"E:/GitHub/HPDice/Content/_MainProject/Blueprints/Widgets/Inventory/Equipment/DragDrop/InventorySlotEquipmentDragVisual.uasset" 763
"E:/GitHub/HPDice/Content/_MainProject/Blueprints/Widgets/Inventory/Equipment/DragDrop/InventorySlotEquipmentDragVisual.uexp" 764
"E:/GitHub/HPDice/Content/_MainProject/Blueprints/Enumerations/Equipment/EnumEquipmentFilter.uasset" 765
"E:/GitHub/HPDice/Content/_MainProject/Blueprints/Enumerations/Equipment/EnumEquipmentFilter.uexp" 766
"E:/GitHub/HPDice/Content/_MainProject/Blueprints/Widgets/Inventory/FreeSlot.uasset" 767
"E:/GitHub/HPDice/Content/_MainProject/Blueprints/Widgets/Inventory/FreeSlot.uexp" 768
"E:/GitHub/HPDice/Content/_MainProject/Textures/Placeholders/knapsack.uasset" 769
"E:/GitHub/HPDice/Content/_MainProject/Textures/Placeholders/knapsack.uexp" 770
"E:/GitHub/HPDice/Content/_MainProject/Textures/Placeholders/knapsack.ubulk" 771
"E:/GitHub/HPDice/Content/_MainProject/Blueprints/Enumerations/EnumRarity.uasset" 772
"E:/GitHub/HPDice/Content/_MainProject/Blueprints/Enumerations/EnumRarity.uexp" 773
"E:/GitHub/HPDice/Content/_MainProject/Blueprints/GameModes/Managers/DamageInstance.uasset" 774
"E:/GitHub/HPDice/Content/_MainProject/Blueprints/GameModes/Managers/DamageInstance.uexp" 775
"E:/GitHub/HPDice/Content/_MainProject/Blueprints/GameModes/Managers/ExplorationInterface.uasset" 776
"E:/GitHub/HPDice/Content/_MainProject/Blueprints/GameModes/Managers/ExplorationInterface.uexp" 777
"E:/GitHub/HPDice/Content/_MainProject/Blueprints/Widgets/Combat/TurnOrder/TurnOrder.uasset" 778
"E:/GitHub/HPDice/Content/_MainProject/Blueprints/Widgets/Combat/TurnOrder/TurnOrder.uexp" 779
"E:/GitHub/HPDice/Content/_MainProject/Textures/Placeholders/TurnOrder/TurnBasePLACEHOLDER.uasset" 780
"E:/GitHub/HPDice/Content/_MainProject/Textures/Placeholders/TurnOrder/TurnBasePLACEHOLDER.uexp" 781
"E:/GitHub/HPDice/Content/_MainProject/Blueprints/Widgets/Combat/TurnOrder/CombatantTurnIcon.uasset" 782
"E:/GitHub/HPDice/Content/_MainProject/Blueprints/Widgets/Combat/TurnOrder/CombatantTurnIcon.uexp" 783
"E:/GitHub/HPDice/Content/_MainProject/Blueprints/GameModes/Managers/InitiativeWallIndexArray.uasset" 784
"E:/GitHub/HPDice/Content/_MainProject/Blueprints/GameModes/Managers/InitiativeWallIndexArray.uexp" 785
"E:/GitHub/HPDice/Content/_StarterContent/Mannequin/Character/Mesh/SK_Mannequin_PhysicsAsset.uasset" 786
"E:/GitHub/HPDice/Content/_StarterContent/Mannequin/Character/Mesh/SK_Mannequin_PhysicsAsset.uexp" 787
"E:/GitHub/HPDice/Content/_StarterContent/Mannequin/Character/Textures/T_UE4Logo_N.uasset" 788
"E:/GitHub/HPDice/Content/_StarterContent/Mannequin/Character/Textures/T_UE4Logo_N.uexp" 789
"E:/GitHub/HPDice/Content/_StarterContent/Mannequin/Character/Textures/T_UE4Logo_N.ubulk" 790
"E:/GitHub/HPDice/Content/_StarterContent/Mannequin/Character/Textures/T_UE4Logo_Mask.uasset" 791
"E:/GitHub/HPDice/Content/_StarterContent/Mannequin/Character/Textures/T_UE4Logo_Mask.uexp" 792
"E:/GitHub/HPDice/Content/_StarterContent/Mannequin/Character/Textures/T_UE4Logo_Mask.ubulk" 793
"E:/GitHub/HPDice/Content/_StarterContent/Mannequin/Character/Textures/T_Male_N.uasset" 794
"E:/GitHub/HPDice/Content/_StarterContent/Mannequin/Character/Textures/T_Male_N.uexp" 795
"E:/GitHub/HPDice/Content/_StarterContent/Mannequin/Character/Textures/T_Male_N.ubulk" 796
"E:/GitHub/HPDice/Content/_StarterContent/Mannequin/Character/Textures/T_Male_Mask.uasset" 797
"E:/GitHub/HPDice/Content/_StarterContent/Mannequin/Character/Textures/T_Male_Mask.uexp" 798
"E:/GitHub/HPDice/Content/_StarterContent/Mannequin/Character/Textures/T_Male_Mask.ubulk" 799
"E:/GitHub/HPDice/Content/_StarterContent/Mannequin/Character/Materials/MaterialLayers/T_ML_Rubber_Blue_01_N.uasset" 800
"E:/GitHub/HPDice/Content/_StarterContent/Mannequin/Character/Materials/MaterialLayers/T_ML_Rubber_Blue_01_N.uexp" 801
"E:/GitHub/HPDice/Content/_StarterContent/Mannequin/Character/Materials/MaterialLayers/T_ML_Rubber_Blue_01_N.ubulk" 802
"E:/GitHub/HPDice/Content/_StarterContent/Mannequin/Character/Materials/MaterialLayers/T_ML_Rubber_Blue_01_D.uasset" 803
"E:/GitHub/HPDice/Content/_StarterContent/Mannequin/Character/Materials/MaterialLayers/T_ML_Rubber_Blue_01_D.uexp" 804
"E:/GitHub/HPDice/Content/_StarterContent/Mannequin/Character/Materials/MaterialLayers/T_ML_Rubber_Blue_01_D.ubulk" 805
"E:/GitHub/HPDice/Content/_StarterContent/Mannequin/Character/Materials/MaterialLayers/T_ML_Aluminum01_N.uasset" 806
"E:/GitHub/HPDice/Content/_StarterContent/Mannequin/Character/Materials/MaterialLayers/T_ML_Aluminum01_N.uexp" 807
"E:/GitHub/HPDice/Content/_StarterContent/Mannequin/Character/Materials/MaterialLayers/T_ML_Aluminum01_N.ubulk" 808
"E:/GitHub/HPDice/Content/_StarterContent/Mannequin/Character/Materials/MaterialLayers/T_ML_Aluminum01.uasset" 809
"E:/GitHub/HPDice/Content/_StarterContent/Mannequin/Character/Materials/MaterialLayers/T_ML_Aluminum01.uexp" 810
"E:/GitHub/HPDice/Content/_StarterContent/Mannequin/Character/Materials/MaterialLayers/T_ML_Aluminum01.ubulk" 811
"E:/GitHub/HPDice/Content/_StarterContent/Mannequin/Character/Materials/MaterialLayers/ML_SoftMetal_UE4.uasset" 812
"E:/GitHub/HPDice/Content/_StarterContent/Mannequin/Character/Materials/MaterialLayers/ML_SoftMetal_UE4.uexp" 813
"E:/GitHub/HPDice/Content/_StarterContent/Mannequin/Character/Materials/MaterialLayers/ML_Plastic_Shiny_Beige_LOGO.uasset" 814
"E:/GitHub/HPDice/Content/_StarterContent/Mannequin/Character/Materials/MaterialLayers/ML_Plastic_Shiny_Beige_LOGO.uexp" 815
"E:/GitHub/HPDice/Content/_StarterContent/Mannequin/Character/Materials/MaterialLayers/ML_Plastic_Shiny_Beige.uasset" 816
"E:/GitHub/HPDice/Content/_StarterContent/Mannequin/Character/Materials/MaterialLayers/ML_Plastic_Shiny_Beige.uexp" 817
"E:/GitHub/HPDice/Content/_StarterContent/Mannequin/Character/Materials/MaterialLayers/ML_GlossyBlack_Latex_UE4.uasset" 818
"E:/GitHub/HPDice/Content/_StarterContent/Mannequin/Character/Materials/MaterialLayers/ML_GlossyBlack_Latex_UE4.uexp" 819
"../../../Engine/Content/Functions/MaterialLayerFunctions/MatLayerBlend_Simple.uasset" 820
"../../../Engine/Content/Functions/MaterialLayerFunctions/MatLayerBlend_Simple.uexp" 821
"../../../Engine/Content/Functions/Engine_MaterialFunctions02/Utility/BlendAngleCorrectedNormals.uasset" 822
"../../../Engine/Content/Functions/Engine_MaterialFunctions02/Utility/BlendAngleCorrectedNormals.uexp" 823
"../../../Engine/Content/Functions/MaterialLayerFunctions/MatLayerBlend_NormalBlend.uasset" 824
"../../../Engine/Content/Functions/MaterialLayerFunctions/MatLayerBlend_NormalBlend.uexp" 825
"E:/GitHub/HPDice/Content/_StarterContent/Mannequin/Character/Materials/M_Male_Body.uasset" 826
"E:/GitHub/HPDice/Content/_StarterContent/Mannequin/Character/Materials/M_Male_Body.uexp" 827
"E:/GitHub/HPDice/Content/_StarterContent/Mannequin/Character/Materials/M_UE4Man_ChestLogo.uasset" 828
"E:/GitHub/HPDice/Content/_StarterContent/Mannequin/Character/Materials/M_UE4Man_ChestLogo.uexp" 829
"E:/GitHub/HPDice/Content/_StarterContent/Mannequin/Character/Mesh/UE4_Mannequin_Skeleton.uasset" 830
"E:/GitHub/HPDice/Content/_StarterContent/Mannequin/Character/Mesh/UE4_Mannequin_Skeleton.uexp" 831
"E:/GitHub/HPDice/Content/_StarterContent/Mannequin/Character/Mesh/SK_Mannequin.uasset" 832
"E:/GitHub/HPDice/Content/_StarterContent/Mannequin/Character/Mesh/SK_Mannequin.uexp" 833
"E:/GitHub/HPDice/Content/_MainProject/Blueprints/Widgets/InteractPrompt.uasset" 834
"E:/GitHub/HPDice/Content/_MainProject/Blueprints/Widgets/InteractPrompt.uexp" 835
"../../../Engine/Content/Animation/DefaultAnimCurveCompressionSettings.uasset" 836
"../../../Engine/Content/Animation/DefaultAnimCurveCompressionSettings.uexp" 837
"../../../Engine/Content/Animation/DefaultAnimBoneCompressionSettings.uasset" 838
"../../../Engine/Content/Animation/DefaultAnimBoneCompressionSettings.uexp" 839
"E:/GitHub/HPDice/Content/_StarterContent/Mannequin/Animations/ThirdPersonWalk.uasset" 840
"E:/GitHub/HPDice/Content/_StarterContent/Mannequin/Animations/ThirdPersonWalk.uexp" 841
"E:/GitHub/HPDice/Content/_StarterContent/Mannequin/Animations/ThirdPersonRun.uasset" 842
"E:/GitHub/HPDice/Content/_StarterContent/Mannequin/Animations/ThirdPersonRun.uexp" 843
"E:/GitHub/HPDice/Content/_StarterContent/Mannequin/Animations/ThirdPersonIdle.uasset" 844
"E:/GitHub/HPDice/Content/_StarterContent/Mannequin/Animations/ThirdPersonIdle.uexp" 845
"E:/GitHub/HPDice/Content/_StarterContent/Mannequin/Animations/ThirdPerson_IdleRun_2D.uasset" 846
"E:/GitHub/HPDice/Content/_StarterContent/Mannequin/Animations/ThirdPerson_IdleRun_2D.uexp" 847
"E:/GitHub/HPDice/Content/_StarterContent/Mannequin/Animations/ThirdPerson_Jump.uasset" 848
"E:/GitHub/HPDice/Content/_StarterContent/Mannequin/Animations/ThirdPerson_Jump.uexp" 849
"E:/GitHub/HPDice/Content/_StarterContent/Mannequin/Animations/ThirdPersonJump_Start.uasset" 850
"E:/GitHub/HPDice/Content/_StarterContent/Mannequin/Animations/ThirdPersonJump_Start.uexp" 851
"E:/GitHub/HPDice/Content/_StarterContent/Mannequin/Animations/ThirdPersonJump_Loop.uasset" 852
"E:/GitHub/HPDice/Content/_StarterContent/Mannequin/Animations/ThirdPersonJump_Loop.uexp" 853
"E:/GitHub/HPDice/Content/_StarterContent/Mannequin/Animations/ThirdPerson_AnimBP.uasset" 854
"E:/GitHub/HPDice/Content/_StarterContent/Mannequin/Animations/ThirdPerson_AnimBP.uexp" 855
"E:/GitHub/HPDice/Content/_MainProject/Blueprints/GameModes/Managers/DamageManager.uasset" 856
"E:/GitHub/HPDice/Content/_MainProject/Blueprints/GameModes/Managers/DamageManager.uexp" 857
"E:/GitHub/HPDice/Content/_MainProject/Blueprints/GameModes/Managers/CombatInterface.uasset" 858
"E:/GitHub/HPDice/Content/_MainProject/Blueprints/GameModes/Managers/CombatInterface.uexp" 859
"E:/GitHub/HPDice/Content/_MainProject/Textures/Placeholders/TurnOrder/FayeAvatarPLACEHOLDER.uasset" 860
"E:/GitHub/HPDice/Content/_MainProject/Textures/Placeholders/TurnOrder/FayeAvatarPLACEHOLDER.uexp" 861
"E:/GitHub/HPDice/Content/_MainProject/Models/PlayerCharacters/Faye/FayeRig9_Skeleton.uasset" 862
"E:/GitHub/HPDice/Content/_MainProject/Models/PlayerCharacters/Faye/FayeRig9_Skeleton.uexp" 863
"E:/GitHub/HPDice/Content/_MainProject/Models/PlayerCharacters/Faye/FayeRig9_PhysicsAsset.uasset" 864
"E:/GitHub/HPDice/Content/_MainProject/Models/PlayerCharacters/Faye/FayeRig9_PhysicsAsset.uexp" 865
"E:/GitHub/HPDice/Content/_MainProject/Models/PlayerCharacters/Faye/Textures/DefaultMaterial_Roughness.uasset" 866
"E:/GitHub/HPDice/Content/_MainProject/Models/PlayerCharacters/Faye/Textures/DefaultMaterial_Roughness.uexp" 867
"E:/GitHub/HPDice/Content/_MainProject/Models/PlayerCharacters/Faye/Textures/DefaultMaterial_Roughness.ubulk" 868
"E:/GitHub/HPDice/Content/_MainProject/Models/PlayerCharacters/Faye/Textures/DefaultMaterial_Normal.uasset" 869
"E:/GitHub/HPDice/Content/_MainProject/Models/PlayerCharacters/Faye/Textures/DefaultMaterial_Normal.uexp" 870
"E:/GitHub/HPDice/Content/_MainProject/Models/PlayerCharacters/Faye/Textures/DefaultMaterial_Normal.ubulk" 871
"E:/GitHub/HPDice/Content/_MainProject/Models/PlayerCharacters/Faye/Textures/DefaultMaterial_Metallic.uasset" 872
"E:/GitHub/HPDice/Content/_MainProject/Models/PlayerCharacters/Faye/Textures/DefaultMaterial_Metallic.uexp" 873
"E:/GitHub/HPDice/Content/_MainProject/Models/PlayerCharacters/Faye/Textures/DefaultMaterial_Metallic.ubulk" 874
"E:/GitHub/HPDice/Content/_MainProject/Models/PlayerCharacters/Faye/Textures/DefaultMaterial_Emission.uasset" 875
"E:/GitHub/HPDice/Content/_MainProject/Models/PlayerCharacters/Faye/Textures/DefaultMaterial_Emission.uexp" 876
"E:/GitHub/HPDice/Content/_MainProject/Models/PlayerCharacters/Faye/Textures/DefaultMaterial_Emission.ubulk" 877
"E:/GitHub/HPDice/Content/_MainProject/Models/PlayerCharacters/Faye/Textures/DefaultMaterial_Displacement.uasset" 878
"E:/GitHub/HPDice/Content/_MainProject/Models/PlayerCharacters/Faye/Textures/DefaultMaterial_Displacement.uexp" 879
"E:/GitHub/HPDice/Content/_MainProject/Models/PlayerCharacters/Faye/Textures/DefaultMaterial_Displacement.ubulk" 880
"E:/GitHub/HPDice/Content/_MainProject/Models/PlayerCharacters/Faye/Textures/DefaultMaterial_BaseColor.uasset" 881
"E:/GitHub/HPDice/Content/_MainProject/Models/PlayerCharacters/Faye/Textures/DefaultMaterial_BaseColor.uexp" 882
"E:/GitHub/HPDice/Content/_MainProject/Models/PlayerCharacters/Faye/Textures/DefaultMaterial_BaseColor.ubulk" 883
"E:/GitHub/HPDice/Content/_MainProject/Models/PlayerCharacters/Faye/Textures/DefaultMaterial_Alpha.uasset" 884
"E:/GitHub/HPDice/Content/_MainProject/Models/PlayerCharacters/Faye/Textures/DefaultMaterial_Alpha.uexp" 885
"E:/GitHub/HPDice/Content/_MainProject/Models/PlayerCharacters/Faye/Textures/DefaultMaterial_Alpha.ubulk" 886
"E:/GitHub/HPDice/Content/_MainProject/Models/PlayerCharacters/Faye/Textures/FayeMaterial_BaseColor.uasset" 887
"E:/GitHub/HPDice/Content/_MainProject/Models/PlayerCharacters/Faye/Textures/FayeMaterial_BaseColor.uexp" 888
"E:/GitHub/HPDice/Content/_MainProject/Models/PlayerCharacters/Faye/Material_004.uasset" 889
"E:/GitHub/HPDice/Content/_MainProject/Models/PlayerCharacters/Faye/Material_004.uexp" 890
"E:/GitHub/HPDice/Content/_MainProject/Models/PlayerCharacters/Faye/Material_003.uasset" 891
"E:/GitHub/HPDice/Content/_MainProject/Models/PlayerCharacters/Faye/Material_003.uexp" 892
"E:/GitHub/HPDice/Content/_MainProject/Models/PlayerCharacters/Faye/Material_002.uasset" 893
"E:/GitHub/HPDice/Content/_MainProject/Models/PlayerCharacters/Faye/Material_002.uexp" 894
"E:/GitHub/HPDice/Content/_MainProject/Models/PlayerCharacters/Faye/FayeRig9.uasset" 895
"E:/GitHub/HPDice/Content/_MainProject/Models/PlayerCharacters/Faye/FayeRig9.uexp" 896
"E:/GitHub/HPDice/Content/_MainProject/Blueprints/Widgets/Debug/DebugMovementDice.uasset" 897
"E:/GitHub/HPDice/Content/_MainProject/Blueprints/Widgets/Debug/DebugMovementDice.uexp" 898
"E:/GitHub/HPDice/Content/_MainProject/Blueprints/DataTables/LevelRequirementCalculation.uasset" 899
"E:/GitHub/HPDice/Content/_MainProject/Blueprints/DataTables/LevelRequirementCalculation.uexp" 900
"E:/GitHub/HPDice/Content/_MainProject/Blueprints/DataTables/LevelRequirementAsset.uasset" 901
"E:/GitHub/HPDice/Content/_MainProject/Blueprints/DataTables/LevelRequirementAsset.uexp" 902
"E:/GitHub/HPDice/Content/_StarterContent/Geometry/Meshes/CubeMaterial.uasset" 903
"E:/GitHub/HPDice/Content/_StarterContent/Geometry/Meshes/CubeMaterial.uexp" 904
"E:/GitHub/HPDice/Content/_StarterContent/Geometry/Meshes/1M_Cube.uasset" 905
"E:/GitHub/HPDice/Content/_StarterContent/Geometry/Meshes/1M_Cube.uexp" 906
"E:/GitHub/HPDice/Content/_MainProject/Blueprints/Actors/Loot/LootableBase.uasset" 907
"E:/GitHub/HPDice/Content/_MainProject/Blueprints/Actors/Loot/LootableBase.uexp" 908
"E:/GitHub/HPDice/Content/_MainProject/Blueprints/Actors/Loot/Actor_Dice.uasset" 909
"E:/GitHub/HPDice/Content/_MainProject/Blueprints/Actors/Loot/Actor_Dice.uexp" 910
"E:/GitHub/HPDice/Content/_MainProject/Blueprints/GameModes/_DevRoomGameMode.uasset" 911
"E:/GitHub/HPDice/Content/_MainProject/Blueprints/GameModes/_DevRoomGameMode.uexp" 912
"E:/GitHub/HPDice/Content/_MainProject/Blueprints/Actors/BP_Player.uasset" 913
"E:/GitHub/HPDice/Content/_MainProject/Blueprints/Actors/BP_Player.uexp" 914
"E:/GitHub/HPDice/Content/_MainProject/Blueprints/Actors/CombatCharacterBase.uasset" 915
"E:/GitHub/HPDice/Content/_MainProject/Blueprints/Actors/CombatCharacterBase.uexp" 916
"E:/GitHub/HPDice/Content/_MainProject/Blueprints/Actors/EnemyBase.uasset" 917
"E:/GitHub/HPDice/Content/_MainProject/Blueprints/Actors/EnemyBase.uexp" 918
"E:/GitHub/HPDice/Content/ProIconPack/Textures/Generic_Icons/256x256/T_Arrow_U_256x256.uasset" 919
"E:/GitHub/HPDice/Content/ProIconPack/Textures/Generic_Icons/256x256/T_Arrow_U_256x256.uexp" 920
"E:/GitHub/HPDice/Content/ProIconPack/Textures/Generic_Icons/256x256/T_Arrow_D_256x256.uasset" 921
"E:/GitHub/HPDice/Content/ProIconPack/Textures/Generic_Icons/256x256/T_Arrow_D_256x256.uexp" 922
"E:/GitHub/HPDice/Content/_MainProject/Blueprints/Widgets/Combat/EnemyCombatHUD.uasset" 923
"E:/GitHub/HPDice/Content/_MainProject/Blueprints/Widgets/Combat/EnemyCombatHUD.uexp" 924
"E:/GitHub/HPDice/Content/_MainProject/Blueprints/GameModes/Managers/CombatManager.uasset" 925
"E:/GitHub/HPDice/Content/_MainProject/Blueprints/GameModes/Managers/CombatManager.uexp" 926
"E:/GitHub/HPDice/Content/_MainProject/Blueprints/GameModes/Managers/ExplorationManager.uasset" 927
"E:/GitHub/HPDice/Content/_MainProject/Blueprints/GameModes/Managers/ExplorationManager.uexp" 928
"E:/GitHub/HPDice/Content/_MainProject/Blueprints/Widgets/Debug/Showcase/AdvancedDamageShowcase/ADShowcase.uasset" 929
"E:/GitHub/HPDice/Content/_MainProject/Blueprints/Widgets/Debug/Showcase/AdvancedDamageShowcase/ADShowcase.uexp" 930
"E:/GitHub/HPDice/Content/_MainProject/Blueprints/DataTables/UniqueEquipmentDataTable.uasset" 931
"E:/GitHub/HPDice/Content/_MainProject/Blueprints/DataTables/UniqueEquipmentDataTable.uexp" 932
"E:/GitHub/HPDice/Content/_MainProject/Blueprints/Widgets/Inventory/Equipment/Starter/S1_DesertDagger.uasset" 933
"E:/GitHub/HPDice/Content/_MainProject/Blueprints/Widgets/Inventory/Equipment/Starter/S1_DesertDagger.uexp" 934
"E:/GitHub/HPDice/Content/_MainProject/Blueprints/Widgets/Inventory/Equipment/Starter/S3_SmallShield.uasset" 935
"E:/GitHub/HPDice/Content/_MainProject/Blueprints/Widgets/Inventory/Equipment/Starter/S3_SmallShield.uexp" 936
"E:/GitHub/HPDice/Content/_MainProject/Blueprints/Widgets/Inventory/Equipment/Starter/S2_MagicMissile.uasset" 937
"E:/GitHub/HPDice/Content/_MainProject/Blueprints/Widgets/Inventory/Equipment/Starter/S2_MagicMissile.uexp" 938
"E:/GitHub/HPDice/Content/_MainProject/Blueprints/DataTables/StarterEquipmentDataTable.uasset" 939
"E:/GitHub/HPDice/Content/_MainProject/Blueprints/DataTables/StarterEquipmentDataTable.uexp" 940
"E:/GitHub/HPDice/Content/_MainProject/Blueprints/FunctionLibrary.uasset" 941
"E:/GitHub/HPDice/Content/_MainProject/Blueprints/FunctionLibrary.uexp" 942
"E:/GitHub/HPDice/Content/_MainProject/Blueprints/Widgets/HUD.uasset" 943
"E:/GitHub/HPDice/Content/_MainProject/Blueprints/Widgets/HUD.uexp" 944
"E:/GitHub/HPDice/Content/ProIconPack/Textures/Generic_Icons/256x256/T_WB_256x256.uasset" 945
"E:/GitHub/HPDice/Content/ProIconPack/Textures/Generic_Icons/256x256/T_WB_256x256.uexp" 946
"E:/GitHub/HPDice/Content/ProIconPack/Textures/Generic_Icons/256x256/T_FF_256x256.uasset" 947
"E:/GitHub/HPDice/Content/ProIconPack/Textures/Generic_Icons/256x256/T_FF_256x256.uexp" 948
"E:/GitHub/HPDice/Content/ProIconPack/Textures/Generic_Icons/256x256/T_Arrow_R_256x256.uasset" 949
"E:/GitHub/HPDice/Content/ProIconPack/Textures/Generic_Icons/256x256/T_Arrow_R_256x256.uexp" 950
"E:/GitHub/HPDice/Content/ProIconPack/Textures/Generic_Icons/256x256/T_Arrow_L_256x256.uasset" 951
"E:/GitHub/HPDice/Content/ProIconPack/Textures/Generic_Icons/256x256/T_Arrow_L_256x256.uexp" 952
"E:/GitHub/HPDice/Content/_MainProject/Blueprints/Widgets/Inventory/Inventory.uasset" 953
"E:/GitHub/HPDice/Content/_MainProject/Blueprints/Widgets/Inventory/Inventory.uexp" 954
"E:/GitHub/HPDice/Content/_MainProject/Blueprints/Widgets/Inventory/InventorySpace.uasset" 955
"E:/GitHub/HPDice/Content/_MainProject/Blueprints/Widgets/Inventory/InventorySpace.uexp" 956
"E:/GitHub/HPDice/Content/_MainProject/Blueprints/Widgets/Inventory/Equipment/DragDrop/DragDropInventoryEquipment.uasset" 957
"E:/GitHub/HPDice/Content/_MainProject/Blueprints/Widgets/Inventory/Equipment/DragDrop/DragDropInventoryEquipment.uexp" 958
"E:/GitHub/HPDice/Content/_MainProject/Blueprints/Widgets/Inventory/Equipment/InventorySlotEquipmentWidget.uasset" 959
"E:/GitHub/HPDice/Content/_MainProject/Blueprints/Widgets/Inventory/Equipment/InventorySlotEquipmentWidget.uexp" 960
"E:/GitHub/HPDice/Content/_MainProject/Blueprints/Widgets/Inventory/Equipment/DragDrop/CombatEquipmentDragVisual.uasset" 961
"E:/GitHub/HPDice/Content/_MainProject/Blueprints/Widgets/Inventory/Equipment/DragDrop/CombatEquipmentDragVisual.uexp" 962
"E:/GitHub/HPDice/Content/_MainProject/Blueprints/Widgets/Inventory/Equipment/EquipmentWidget.uasset" 963
"E:/GitHub/HPDice/Content/_MainProject/Blueprints/Widgets/Inventory/Equipment/EquipmentWidget.uexp" 964
"E:/GitHub/HPDice/Content/_MainProject/Blueprints/Widgets/Inventory/Equipment/DragDrop/DragDropCombatEquipment.uasset" 965
"E:/GitHub/HPDice/Content/_MainProject/Blueprints/Widgets/Inventory/Equipment/DragDrop/DragDropCombatEquipment.uexp" 966
"E:/GitHub/HPDice/Content/ProIconPack/Textures/Generic_Icons/256x256/T_Dagger_256x256.uasset" 967
"E:/GitHub/HPDice/Content/ProIconPack/Textures/Generic_Icons/256x256/T_Dagger_256x256.uexp" 968
"E:/GitHub/HPDice/Content/_MainProject/Blueprints/Widgets/Combat/CombatHUD.uasset" 969
"E:/GitHub/HPDice/Content/_MainProject/Blueprints/Widgets/Combat/CombatHUD.uexp" 970
"E:/GitHub/HPDice/Content/_MainProject/Blueprints/Widgets/Inventory/Equipment/DiceSlotWidget.uasset" 971
"E:/GitHub/HPDice/Content/_MainProject/Blueprints/Widgets/Inventory/Equipment/DiceSlotWidget.uexp" 972
"E:/GitHub/HPDice/Content/_MainProject/Blueprints/Widgets/Inventory/Equipment/DescriptionAndSlotsEquipmentWidget.uasset" 973
"E:/GitHub/HPDice/Content/_MainProject/Blueprints/Widgets/Inventory/Equipment/DescriptionAndSlotsEquipmentWidget.uexp" 974
"E:/GitHub/HPDice/Content/_MainProject/Blueprints/GameModes/Managers/Managers_GameState.uasset" 975
"E:/GitHub/HPDice/Content/_MainProject/Blueprints/GameModes/Managers/Managers_GameState.uexp" 976
"E:/GitHub/HPDice/Content/_MainProject/Blueprints/Widgets/StatBlock.uasset" 977
"E:/GitHub/HPDice/Content/_MainProject/Blueprints/Widgets/StatBlock.uexp" 978
"E:/GitHub/HPDice/Content/_MainProject/Blueprints/Widgets/Dice/DiceDrag.uasset" 979
"E:/GitHub/HPDice/Content/_MainProject/Blueprints/Widgets/Dice/DiceDrag.uexp" 980
"E:/GitHub/HPDice/Content/_MainProject/Blueprints/Widgets/Dice/Dice.uasset" 981
"E:/GitHub/HPDice/Content/_MainProject/Blueprints/Widgets/Dice/Dice.uexp" 982
"E:/GitHub/HPDice/Content/_MainProject/Blueprints/Widgets/Debug/Showcase/AdvancedDamageShowcase/ADShowcaseDice3.uasset" 983
"E:/GitHub/HPDice/Content/_MainProject/Blueprints/Widgets/Debug/Showcase/AdvancedDamageShowcase/ADShowcaseDice3.uexp" 984
"E:/GitHub/HPDice/Content/_MainProject/Blueprints/Widgets/Debug/Showcase/AdvancedDamageShowcase/ADShowcaseDice2.uasset" 985
"E:/GitHub/HPDice/Content/_MainProject/Blueprints/Widgets/Debug/Showcase/AdvancedDamageShowcase/ADShowcaseDice2.uexp" 986
"E:/GitHub/HPDice/Content/_MainProject/Textures/InvertTransparentLogo.uasset" 987
"E:/GitHub/HPDice/Content/_MainProject/Textures/InvertTransparentLogo.uexp" 988
"E:/GitHub/HPDice/Content/_MainProject/Blueprints/Actors/Enemies/TestingMannequin/Dice/Dice_TestingMannequin_Health.uasset" 989
"E:/GitHub/HPDice/Content/_MainProject/Blueprints/Actors/Enemies/TestingMannequin/Dice/Dice_TestingMannequin_Health.uexp" 990
"E:/GitHub/HPDice/Content/_StarterContent/StarterContent/Textures/T_Tech_Dot_N.uasset" 991
"E:/GitHub/HPDice/Content/_StarterContent/StarterContent/Textures/T_Tech_Dot_N.uexp" 992
"E:/GitHub/HPDice/Content/_StarterContent/StarterContent/Textures/T_Tech_Dot_N.ubulk" 993
"E:/GitHub/HPDice/Content/_StarterContent/StarterContent/Textures/T_Tech_Dot_M.uasset" 994
"E:/GitHub/HPDice/Content/_StarterContent/StarterContent/Textures/T_Tech_Dot_M.uexp" 995
"E:/GitHub/HPDice/Content/_StarterContent/StarterContent/Textures/T_Tech_Dot_M.ubulk" 996
"E:/GitHub/HPDice/Content/_StarterContent/StarterContent/Textures/T_Single_Tile_N.uasset" 997
"E:/GitHub/HPDice/Content/_StarterContent/StarterContent/Textures/T_Single_Tile_N.uexp" 998
"E:/GitHub/HPDice/Content/_StarterContent/StarterContent/Textures/T_Single_Tile_N.ubulk" 999
"E:/GitHub/HPDice/Content/_StarterContent/StarterContent/Textures/T_Checker_Noise_M.uasset" 1000
"E:/GitHub/HPDice/Content/_StarterContent/StarterContent/Textures/T_Checker_Noise_M.uexp" 1001
"E:/GitHub/HPDice/Content/_StarterContent/StarterContent/Textures/T_Checker_Noise_M.ubulk" 1002
"E:/GitHub/HPDice/Content/_StarterContent/StarterContent/Materials/M_Tech_Checker_Dot.uasset" 1003
"E:/GitHub/HPDice/Content/_StarterContent/StarterContent/Materials/M_Tech_Checker_Dot.uexp" 1004
"E:/GitHub/HPDice/Content/_MainProject/Blueprints/Actors/Enemies/TestingMannequin/TestingMannequin.uasset" 1005
"E:/GitHub/HPDice/Content/_MainProject/Blueprints/Actors/Enemies/TestingMannequin/TestingMannequin.uexp" 1006
"E:/GitHub/HPDice/Content/_MainProject/Blueprints/Widgets/Debug/Showcase/AdvancedDamageShowcase/AdvancedDamageShowcaseInfo.uasset" 1007
"E:/GitHub/HPDice/Content/_MainProject/Blueprints/Widgets/Debug/Showcase/AdvancedDamageShowcase/AdvancedDamageShowcaseInfo.uexp" 1008
"E:/GitHub/HPDice/Content/_MainProject/Blueprints/Widgets/Debug/DiceWallStateInsert.uasset" 1009
"E:/GitHub/HPDice/Content/_MainProject/Blueprints/Widgets/Debug/DiceWallStateInsert.uexp" 1010
"E:/GitHub/HPDice/Content/_MainProject/Blueprints/Widgets/Debug/DiceValueInsert.uasset" 1011
"E:/GitHub/HPDice/Content/_MainProject/Blueprints/Widgets/Debug/DiceValueInsert.uexp" 1012
"E:/GitHub/HPDice/Content/_MainProject/Blueprints/Widgets/Debug/DiceSpawnWidget.uasset" 1013
"E:/GitHub/HPDice/Content/_MainProject/Blueprints/Widgets/Debug/DiceSpawnWidget.uexp" 1014
"E:/GitHub/HPDice/Content/_MainProject/Blueprints/Widgets/Debug/DebugCommandConsole.uasset" 1015
"E:/GitHub/HPDice/Content/_MainProject/Blueprints/Widgets/Debug/DebugCommandConsole.uexp" 1016
"E:/GitHub/HPDice/Plugins/AutoSettings/Content/InputMapping/DefaultBindCapturePrompt.uasset" 1017
"E:/GitHub/HPDice/Plugins/AutoSettings/Content/InputMapping/DefaultBindCapturePrompt.uexp" 1018
"E:/GitHub/HPDice/Plugins/AutoSettings/Content/InputMapping/DefaultBindCaptureButton.uasset" 1019
"E:/GitHub/HPDice/Plugins/AutoSettings/Content/InputMapping/DefaultBindCaptureButton.uexp" 1020
"E:/GitHub/HPDice/Plugins/AutoSettings/Content/InputMapping/DefaultKeySeparator.uasset" 1021
"E:/GitHub/HPDice/Plugins/AutoSettings/Content/InputMapping/DefaultKeySeparator.uexp" 1022
"E:/GitHub/HPDice/Plugins/AutoSettings/Content/InputMapping/DefaultKeyLabel.uasset" 1023
"E:/GitHub/HPDice/Plugins/AutoSettings/Content/InputMapping/DefaultKeyLabel.uexp" 1024
"E:/GitHub/HPDice/Plugins/AutoSettings/Content/InputMapping/DefaultActionLabel.uasset" 1025
"E:/GitHub/HPDice/Plugins/AutoSettings/Content/InputMapping/DefaultActionLabel.uexp" 1026
"E:/GitHub/HPDice/Plugins/AutoSettings/Content/InputMapping/DefaultActionMapping.uasset" 1027
"E:/GitHub/HPDice/Plugins/AutoSettings/Content/InputMapping/DefaultActionMapping.uexp" 1028
"E:/GitHub/HPDice/Content/_MainProject/Blueprints/Widgets/Menu/SettingsMenu.uasset" 1029
"E:/GitHub/HPDice/Content/_MainProject/Blueprints/Widgets/Menu/SettingsMenu.uexp" 1030
"E:/GitHub/HPDice/Content/_MainProject/Blueprints/Widgets/Debug/DebugPrototypeInfo.uasset" 1031
"E:/GitHub/HPDice/Content/_MainProject/Blueprints/Widgets/Debug/DebugPrototypeInfo.uexp" 1032
"E:/GitHub/HPDice/Content/_MainProject/Blueprints/Widgets/Menu/PauseMenu.uasset" 1033
"E:/GitHub/HPDice/Content/_MainProject/Blueprints/Widgets/Menu/PauseMenu.uexp" 1034
"../../../Engine/Content/EngineSky/T_Sky_Stars.uasset" 1035
"../../../Engine/Content/EngineSky/T_Sky_Stars.uexp" 1036
"../../../Engine/Content/EngineSky/T_Sky_Stars.ubulk" 1037
"../../../Engine/Content/EngineSky/T_Sky_Clouds_M.uasset" 1038
"../../../Engine/Content/EngineSky/T_Sky_Clouds_M.uexp" 1039
"../../../Engine/Content/EngineSky/T_Sky_Clouds_M.ubulk" 1040
"../../../Engine/Content/EngineSky/T_Sky_Blue.uasset" 1041
"../../../Engine/Content/EngineSky/T_Sky_Blue.uexp" 1042
"../../../Engine/Content/EngineSky/T_Sky_Blue.ubulk" 1043
"../../../Engine/Content/EngineSky/M_Sky_Panning_Clouds2.uasset" 1044
"../../../Engine/Content/EngineSky/M_Sky_Panning_Clouds2.uexp" 1045
"../../../Engine/Content/EngineSky/SM_SkySphere.uasset" 1046
"../../../Engine/Content/EngineSky/SM_SkySphere.uexp" 1047
"../../../Engine/Content/EngineSky/C_Sky_Zenith_Color.uasset" 1048
"../../../Engine/Content/EngineSky/C_Sky_Zenith_Color.uexp" 1049
"../../../Engine/Content/EngineSky/C_Sky_Horizon_Color.uasset" 1050
"../../../Engine/Content/EngineSky/C_Sky_Horizon_Color.uexp" 1051
"../../../Engine/Content/EngineSky/C_Sky_Cloud_Color.uasset" 1052
"../../../Engine/Content/EngineSky/C_Sky_Cloud_Color.uexp" 1053
"../../../Engine/Content/EngineSky/BP_Sky_Sphere.uasset" 1054
"../../../Engine/Content/EngineSky/BP_Sky_Sphere.uexp" 1055
"E:/GitHub/HPDice/Content/_MainProject/Levels/_DevRoom.uexp" 1056
"E:/GitHub/HPDice/Content/_MainProject/Levels/_DevRoom.umap" 1057
